make.exe all --print-data-base --no-builtin-variables --no-builtin-rules --question
# GNU Make 4.2.1
# Built for x86_64-w64-mingw32
# Copyright (C) 1988-2016 Free Software Foundation, Inc.
# License GPLv3+: GNU GPL version 3 or later <http://gnu.org/licenses/gpl.html>
# This is free software: you are free to change and redistribute it.
# There is NO WARRANTY, to the extent permitted by law.

# Make data base, printed on Wed Jul 20 12:44:52 2022

# Variables

# 'override' directive
GNUMAKEFLAGS := 
# environment
POWERSHELL_DISTRIBUTION_CHANNEL = MSI:Windows 10 Pro
# automatic
?F = $(notdir $?)
# automatic
<D = $(patsubst %/,%,$(patsubst %\,%,$(dir $<)))
# default
.SHELLFLAGS := -c
# environment
GATEWAY_VM_OPTIONS = C:\ja-netfilter-all\vmoptions\gateway.vmoptions
# makefile (from 'Makefile', line 152)
LDSCRIPT = STM32F103C8Tx_FLASH.ld
# makefile
MAKEFLAGS = pqrR
# makefile (from 'Makefile', line 16)
TARGET = TEMPLETE
# automatic
?D = $(patsubst %/,%,$(patsubst %\,%,$(dir $?)))
# makefile (from 'Makefile', line 112)
AS_DEFS = 
# environment
WEBSTORM_VM_OPTIONS = C:\ja-netfilter-all\vmoptions\webstorm.vmoptions
# automatic
@D = $(patsubst %/,%,$(patsubst %\,%,$(dir $@)))
# environment
HOMEDRIVE = C:
# automatic
@F = $(notdir $@)
# automatic
^D = $(patsubst %/,%,$(patsubst %\,%,$(dir $^)))
# makefile
CURDIR := c:/Users/Administrator/Documents/F103_BINK
# default
SHELL := sh.exe
# environment
CLION = C:\Program Files\JetBrains\CLion 2022.1\bin;
# environment
APPCODE_VM_OPTIONS = C:\ja-netfilter-all\vmoptions\appcode.vmoptions
# environment
WINDIR = C:\windows
# environment
VSCODE_NLS_CONFIG = {"locale":"zh-cn","availableLanguages":{"*":"zh-cn"},"_languagePackId":"1d735750dbb1b9066c7513078396ba0f.zh-cn","_translationsConfigFile":"C:\\Users\\Administrator\\AppData\\Roaming\\Code\\clp\\1d735750dbb1b9066c7513078396ba0f.zh-cn\\tcf.json","_cacheRoot":"C:\\Users\\Administrator\\AppData\\Roaming\\Code\\clp\\1d735750dbb1b9066c7513078396ba0f.zh-cn","_resolvedLanguagePackCoreLocation":"C:\\Users\\Administrator\\AppData\\Roaming\\Code\\clp\\1d735750dbb1b9066c7513078396ba0f.zh-cn\\3b889b090b5ad5793f524b5d1d39fda662b96a2a","_corruptedFile":"C:\\Users\\Administrator\\AppData\\Roaming\\Code\\clp\\1d735750dbb1b9066c7513078396ba0f.zh-cn\\corrupted.info","_languagePackSupport":true}
# makefile (from 'Makefile', line 90)
SZ = $(PREFIX)size
# makefile (from 'Makefile', line 145)
CFLAGS = $(MCU) $(C_DEFS) $(C_INCLUDES) $(OPT)  
-Wall -fdata-sections -ffunction-sections -g -gdwarf-2 -MMD -MP -MF"$(@:%.o=%.d)"
# environment
ONEDRIVE = C:\TEMP_\OneDrive
# environment
PATHEXT = .COM;.EXE;.BAT;.CMD;.VBS;.VBE;.JS;.JSE;.WSF;.WSH;.MSC
# makefile (from 'build/stm32f1xx_hal_pwr.d', line 1)
MAKEFILE_LIST :=  Makefile build/stm32f1xx_hal_i2c.d build/stm32f1xx_hal_gpio_ex.d build/stm32f1xx_hal_dma.d build/startup_stm32f103xb.d build/oled.d build/stm32f1xx_hal_pcd_ex.d build/stm32f1xx_hal_cortex.d build/main.d build/stm32f1xx_hal_msp.d build/stm32f1xx_hal_exti.d build/gpio.d build/stm32f1xx_hal_tim_ex.d build/stm32f1xx_hal_uart.d build/stm32f1xx_hal_flash.d build/stm32f1xx_hal_tim.d build/stm32f1xx_hal.d build/stm32f1xx_hal_rcc_ex.d build/stm32f1xx_ll_usb.d build/tim.d build/stm32f1xx_hal_pcd.d build/stm32f1xx_it.d build/usart.d build/usb.d build/stm32f1xx_hal_rcc.d build/stm32f1xx_hal_flash_ex.d build/stm32f1xx_hal_gpio.d build/system_stm32f1xx.d build/i2c.d build/stm32f1xx_hal_pwr.d
# environment
FPS_BROWSER_USER_PROFILE_STRING = Default
# makefile (from 'Makefile', line 89)
CP = $(PREFIX)objcopy
# makefile (from 'Makefile', line 24)
DEBUG = 1
# environment
TMP = C:\Users\ADMINI~1\AppData\Local\Temp
# makefile (from 'Makefile', line 88)
AS = $(PREFIX)gcc -x assembler-with-cpp
# environment
PROGRAMW6432 = C:\Program Files
# environment
PROGRAMDATA = C:\ProgramData
# environment
STUDIO_VM_OPTIONS = C:\Users\Administrator\Downloads\ja-netfilter-all\vmoptions\studio.vmoptions
# environment
WEBIDE_VM_OPTIONS = C:\ja-netfilter-all\vmoptions\webide.vmoptions
# environment
VSCODE_CWD = C:\windows\system32
# default
MAKE_HOST := x86_64-w64-mingw32
# environment
PATH = C:\Program Files (x86)\Common Files\Oracle\Java\javapath;C:\windows\system32;C:\windows;C:\LOAD\Mysql\mysql-8.0.29-winx64\bin\;C:\windows\System32\Wbem;C:\windows\System32\WindowsPowerShell\v1.0\;C:\windows\System32\OpenSSH\;C:\LOAD\Git\Git\cmd;C:\ProgramData\chocolatey\bin;C:\LOAD\Poweshellpreview\7-preview\preview;C:\Users\Administrator\AppData\Local\Temp\chocolatey\chocoInstall\tools\chocolateyInstall\tools;C:\Users\Administrator\scoop\apps\oh-my-posh\8.5.3\bin;C:\ProgramData\Miniconda3;C:\ProgramData\Miniconda3\Scripts;C:\ProgramData\Miniconda3\Library\bin;C:\Users\Administrator\scoop\shims;C:\Users\Administrator\AppData\Local\Programs\Python\Python311\Scripts\;C:\Users\Administrator\AppData\Local\Programs\Python\Python311\;C:\Program Files (x86)\GNU Tools Arm Embedded\9 2019-q4-major\bin;C:\Users\Administrator\AppData\Local\Programs\Python\Python310\Scripts\;C:\Users\Administrator\AppData\Local\Programs\Python\Python310\;C:\Users\Administrator\AppData\Local\Microsoft\WindowsApps;C:\LOAD\Mysql\mysql-8.0.29-winx64\bin\;C:\LOAD\Microsoft VS Code\bin;C:\LOAD\mingw64\bin;C:\Program Files (x86)\GNU Tools Arm Embedded\9 2019-q4-major\bin;C:\LOAD\openocd_11\bin;C:\Program Files\JetBrains\CLion 2022.1\bin;C:\Program Files\JetBrains\IntelliJ IDEA 2022.1.2\bin;C:\Program Files\JetBrains\PyCharm 2022.1.2\bin;C:\Users\Administrator\AppData\Local\Temp\chocolatey\chocoInstall\tools\chocolateyInstall\tools;C:\Users\Administrator\scoop\apps\oh-my-posh\8.5.3\bin;C:\ProgramData\Miniconda3;C:\ProgramData\Miniconda3\Scripts;C:\ProgramData\Miniconda3\Library\bin;C:\Users\Administrator\AppData\Local\Programs\oh-my-posh\bin;C:\LOAD\Fiddler
# environment
PHPSTORM_VM_OPTIONS = C:\ja-netfilter-all\vmoptions\phpstorm.vmoptions
# environment
COMMONPROGRAMW6432 = C:\Program Files\Common Files
# environment
CHOCOLATEYLASTPATHUPDATE = 132994093502412994
# environment
PROCESSOR_ARCHITECTURE = AMD64
# environment
USERPROFILE = C:\Users\Administrator
# environment
CHOCOLATEYINSTALL = C:\ProgramData\chocolatey
# environment
ALLUSERSPROFILE = C:\ProgramData
# environment
GOLAND_VM_OPTIONS = C:\ja-netfilter-all\vmoptions\goland.vmoptions
# environment
NUMBER_OF_PROCESSORS = 8
# environment
ELECTRON_RUN_AS_NODE = 1
# makefile (from 'Makefile', line 157)
LDFLAGS = $(MCU) -u_printf_float -u_sprintf_float -specs=nano.specs -T$(LDSCRIPT) $(LIBDIR) $(LIBS) -Wl,-Map=$(BUILD_DIR)/$(TARGET).map,--cref -Wl,--gc-sections
# environment
JETBRAINSCLIENT_VM_OPTIONS = C:\ja-netfilter-all\vmoptions\jetbrainsclient.vmoptions
# default
.FEATURES := target-specific order-only second-expansion else-if shortest-stem undefine oneshell archives jobserver output-sync
# environment
IDEA_VM_OPTIONS = C:\ja-netfilter-all\vmoptions\idea.vmoptions
# environment
DATASPELL_VM_OPTIONS = C:\ja-netfilter-all\vmoptions\dataspell.vmoptions
# environment
INTELLIJ IDEA = C:\Program Files\JetBrains\IntelliJ IDEA 2022.1.2\bin;
# automatic
%F = $(notdir $%)
# environment
POSH_THEMES_PATH = C:\Users\Administrator\AppData\Local\Programs\oh-my-posh\themes
# environment
CHROME_CRASHPAD_PIPE_NAME = \\.\pipe\crashpad_14684_NPYQLVRJBNNFAUOZ
# makefile (from 'Makefile', line 71)
ASM_SOURCES = startup_stm32f103xb.s
# makefile (from 'Makefile', line 26)
OPT = -Og
# environment
COMPUTERNAME = LAPTOP
# environment
PROGRAMFILES = C:\Program Files
# default
.LOADED := 
# environment
DRIVERDATA = C:\Windows\System32\Drivers\DriverData
# environment
JETBRAINS_CLIENT_VM_OPTIONS = C:\ja-netfilter-all\vmoptions\jetbrains_client.vmoptions
# environment
ORIGINAL_XDG_CURRENT_DESKTOP = undefined
# environment
USERNAME = Administrator
# environment
PUBLIC = C:\Users\Public
# environment
VSCODE_AMD_ENTRYPOINT = vs/workbench/api/node/extensionHostProcess
# environment
DEVECOSTUDIO_VM_OPTIONS = C:\Users\Administrator\Downloads\ja-netfilter-all\vmoptions\devecostudio.vmoptions
# environment
RIDER_VM_OPTIONS = C:\ja-netfilter-all\vmoptions\rider.vmoptions
# environment
VSCODE_CODE_CACHE_PATH = C:\Users\Administrator\AppData\Roaming\Code\CachedData\3b889b090b5ad5793f524b5d1d39fda662b96a2a
# environment
APPLICATION_INSIGHTS_NO_DIAGNOSTIC_CHANNEL = 1
# environment
COMMONPROGRAMFILES = C:\Program Files\Common Files
# environment
LOGONSERVER = \\LAPTOP
# makefile (from 'Makefile', line 78)
PREFIX = arm-none-eabi-
# environment
ONEDRIVECONSUMER = C:\TEMP_\OneDrive
# environment
VSCODE_HANDLES_UNCAUGHT_ERRORS = true
# environment
USERDOMAIN = LAPTOP
# makefile (from 'Makefile', line 115)
C_DEFS = -DUSE_HAL_DRIVER -DSTM32F103xB -DUSE_HAL_DRIVER -DSTM32F103xB 
# environment
MAKELEVEL := 0
# makefile (from 'Makefile', line 108)
MCU = $(CPU) -mthumb $(FPU) $(FLOAT-ABI)
# makefile (from 'Makefile', line 124)
C_INCLUDES = -IInc -IDrivers/STM32F1xx_HAL_Driver/Inc -IDrivers/STM32F1xx_HAL_Driver/Inc/Legacy -IDrivers/CMSIS/Device/ST/STM32F1xx/Include -IDrivers/CMSIS/Include
# default
MAKE = $(MAKE_COMMAND)
# default
MAKECMDGOALS := all
# makefile (from 'Makefile', line 92)
HEX = $(CP) -O ihex
# makefile (from 'Makefile', line 87)
CC = $(PREFIX)gcc
# makefile (from 'Makefile', line 33)
BUILD_DIR = build
# makefile (from 'Makefile', line 135)
ASFLAGS = $(MCU) $(AS_DEFS) $(AS_INCLUDES) $(OPT) -Wall -fdata-sections -ffunction-sections
# default
MAKE_VERSION := 4.2.1
# makefile
.DEFAULT_GOAL := all
# environment
PROGRAMFILES(X86) = C:\Program Files (x86)
# automatic
%D = $(patsubst %/,%,$(patsubst %\,%,$(dir $%)))
# makefile (from 'Makefile', line 99)
CPU = -mcpu=cortex-m3
# environment
LOCALAPPDATA = C:\Users\Administrator\AppData\Local
# environment
PSMODULEPATH = C:\Program Files\WindowsPowerShell\Modules;C:\windows\system32\WindowsPowerShell\v1.0\Modules
# default
MAKE_COMMAND := make.exe
# makefile (from 'Makefile', line 156)
LIBDIR = 
# default
.VARIABLES := 
# automatic
*F = $(notdir $*)
# environment
PROCESSOR_IDENTIFIER = Intel64 Family 6 Model 142 Stepping 12, GenuineIntel
# environment
OS = Windows_NT
# environment
VSCODE_IPC_HOOK = \\.\pipe\9e7283c68e6159fd1e9872b65f264be5-1.69.2-main-sock
# environment
HOMEPATH = \Users\Administrator
# environment
COMMONPROGRAMFILES(X86) = C:\Program Files (x86)\Common Files
# environment
PROMPT = $P$G
# environment
MFLAGS = -pqrR
# automatic
*D = $(patsubst %/,%,$(patsubst %\,%,$(dir $*)))
# environment
SYSTEMROOT = C:\windows
# environment
RUBYMINE_VM_OPTIONS = C:\ja-netfilter-all\vmoptions\rubymine.vmoptions
# automatic
+D = $(patsubst %/,%,$(patsubst %\,%,$(dir $+)))
# environment
DATAGRIP_VM_OPTIONS = C:\ja-netfilter-all\vmoptions\datagrip.vmoptions
# automatic
+F = $(notdir $+)
# environment
APPDATA = C:\Users\Administrator\AppData\Roaming
# environment
TEMP = C:\Users\ADMINI~1\AppData\Local\Temp
# environment
COMSPEC = C:\windows\system32\cmd.exe
# environment
PYCHARM_VM_OPTIONS = C:\ja-netfilter-all\vmoptions\pycharm.vmoptions
# default
MAKEFILES := 
# automatic
<F = $(notdir $<)
# makefile (from 'Makefile', line 93)
BIN = $(CP) -O binary -S
# environment
LC_ALL = C
# makefile (from 'Makefile', line 155)
LIBS = -lc -lm -lnosys 
# automatic
^F = $(notdir $^)
# makefile (from 'Makefile', line 39)
C_SOURCES = Src/main.c Src/gpio.c Src/i2c.c Src/tim.c Src/usart.c Src/usb.c Src/oled.c Src/stm32f1xx_it.c Src/stm32f1xx_hal_msp.c Drivers/STM32F1xx_HAL_Driver/Src/stm32f1xx_hal_gpio_ex.c Drivers/STM32F1xx_HAL_Driver/Src/stm32f1xx_hal_i2c.c Drivers/STM32F1xx_HAL_Driver/Src/stm32f1xx_hal_tim.c Drivers/STM32F1xx_HAL_Driver/Src/stm32f1xx_hal_tim_ex.c Drivers/STM32F1xx_HAL_Driver/Src/stm32f1xx_hal_uart.c Drivers/STM32F1xx_HAL_Driver/Src/stm32f1xx_hal_pcd.c Drivers/STM32F1xx_HAL_Driver/Src/stm32f1xx_hal_pcd_ex.c Drivers/STM32F1xx_HAL_Driver/Src/stm32f1xx_ll_usb.c Drivers/STM32F1xx_HAL_Driver/Src/stm32f1xx_hal.c Drivers/STM32F1xx_HAL_Driver/Src/stm32f1xx_hal_rcc.c Drivers/STM32F1xx_HAL_Driver/Src/stm32f1xx_hal_rcc_ex.c Drivers/STM32F1xx_HAL_Driver/Src/stm32f1xx_hal_gpio.c Drivers/STM32F1xx_HAL_Driver/Src/stm32f1xx_hal_dma.c Drivers/STM32F1xx_HAL_Driver/Src/stm32f1xx_hal_cortex.c Drivers/STM32F1xx_HAL_Driver/Src/stm32f1xx_hal_pwr.c Drivers/STM32F1xx_HAL_Driver/Src/stm32f1xx_hal_flash.c Drivers/STM32F1xx_HAL_Driver/Src/stm32f1xx_hal_flash_ex.c Drivers/STM32F1xx_HAL_Driver/Src/stm32f1xx_hal_exti.c Src/system_stm32f1xx.c
# default
SUFFIXES := 
# environment
SYSTEMDRIVE = C:
# environment
SESSIONNAME = Console
# environment
PROCESSOR_REVISION = 8e0c
# environment
PYCHARM = C:\Program Files\JetBrains\PyCharm 2022.1.2\bin;
# default
.RECIPEPREFIX := 
# makefile (from 'Makefile', line 168)
OBJECTS = $(addprefix $(BUILD_DIR)/,$(notdir $(C_SOURCES:.c=.o))) $(addprefix $(BUILD_DIR)/,$(notdir $(ASM_SOURCES:.s=.o)))
# environment
CLION_VM_OPTIONS = C:\ja-netfilter-all\vmoptions\clion.vmoptions
# environment
LANG = C
# environment
PROCESSOR_LEVEL = 6
# environment
FPS_BROWSER_APP_PROFILE_STRING = Internet Explorer
# environment
VSCODE_PID = 14684
# environment
USERDOMAIN_ROAMINGPROFILE = LAPTOP
# variable set hash-table stats:
# Load=137/1024=13%, Rehash=0, Collisions=20/251=8%

# Pattern-specific Variable Values

# No pattern-specific variable values.

# Directories

# . (key c:/Users/Administrator/Documents/F103_BINK, mtime 1658249584): 13 files, no impossibilities.
# Src (key c:/Users/Administrator/Documents/F103_BINK/Src, mtime 1658249582): 12 files, no impossibilities.
# build (key c:/Users/Administrator/Documents/F103_BINK/build, mtime 1658251807): 92 files, no impossibilities.
# Drivers/STM32F1xx_HAL_Driver/Src (key c:/Users/Administrator/Documents/F103_BINK/Drivers/STM32F1xx_HAL_Driver/Src, mtime 1658249583): 20 files, no impossibilities.

# 137 files, no impossibilities in 4 directories.

# Implicit Rules

build/%.o: %.c Makefile | build
#  recipe to execute (from 'Makefile', line 172):
	$(CC) -c $(CFLAGS) -Wa,-a,-ad,-alms=$(BUILD_DIR)/$(notdir $(<:.c=.lst)) $< -o $@

build/%.o: %.s Makefile | build
#  recipe to execute (from 'Makefile', line 175):
	$(AS) -c $(CFLAGS) $< -o $@

build/%.hex: build/%.elf | build
#  recipe to execute (from 'Makefile', line 182):
	$(HEX) $< $@
	

build/%.bin: build/%.elf | build
#  recipe to execute (from 'Makefile', line 185):
	$(BIN) $< $@	
	

# 4 implicit rules, 0 (0.0%) terminal.

# Files

# Not a target:
build/stm32f1xx_hal_gpio_ex.d:
#  Implicit rule search has been done.
#  Last modified 2022-07-20 01:28:35
#  File has been updated.
#  Successfully updated.

Drivers/STM32F1xx_HAL_Driver/Inc/stm32f1xx_hal_rcc_ex.h:
#  Implicit rule search has been done.
#  Last modified 2022-04-22 15:32:08
#  File has been updated.
#  Successfully updated.

Drivers/CMSIS/Device/ST/STM32F1xx/Include/stm32f103xb.h:
#  Implicit rule search has been done.
#  Last modified 2022-04-22 15:32:08
#  File has been updated.
#  Successfully updated.

# Not a target:
Drivers/STM32F1xx_HAL_Driver/Src/stm32f1xx_hal_gpio_ex.c:
#  Implicit rule search has been done.
#  Last modified 2022-04-22 15:32:08
#  File has been updated.
#  Successfully updated.

# Not a target:
build/gpio.d:
#  Implicit rule search has been done.
#  Last modified 2022-07-20 01:28:33
#  File has been updated.
#  Successfully updated.

build/TEMPLETE.elf: build/main.o build/gpio.o build/i2c.o build/tim.o build/usart.o build/usb.o build/oled.o build/stm32f1xx_it.o build/stm32f1xx_hal_msp.o build/stm32f1xx_hal_gpio_ex.o build/stm32f1xx_hal_i2c.o build/stm32f1xx_hal_tim.o build/stm32f1xx_hal_tim_ex.o build/stm32f1xx_hal_uart.o build/stm32f1xx_hal_pcd.o build/stm32f1xx_hal_pcd_ex.o build/stm32f1xx_ll_usb.o build/stm32f1xx_hal.o build/stm32f1xx_hal_rcc.o build/stm32f1xx_hal_rcc_ex.o build/stm32f1xx_hal_gpio.o build/stm32f1xx_hal_dma.o build/stm32f1xx_hal_cortex.o build/stm32f1xx_hal_pwr.o build/stm32f1xx_hal_flash.o build/stm32f1xx_hal_flash_ex.o build/stm32f1xx_hal_exti.o build/system_stm32f1xx.o build/startup_stm32f103xb.o Makefile
#  Implicit rule search has not been done.
#  Last modified 2022-07-20 01:30:07
#  File has been updated.
#  Successfully updated.
#  recipe to execute (from 'Makefile', line 178):
	$(CC) $(OBJECTS) $(LDFLAGS) -o $@
	$(SZ) $@

# Not a target:
build/stm32f1xx_hal_tim.d:
#  Implicit rule search has been done.
#  Last modified 2022-07-20 01:28:41
#  File has been updated.
#  Successfully updated.

# Not a target:
build/stm32f1xx_hal_rcc_ex.d:
#  Implicit rule search has been done.
#  Last modified 2022-07-20 01:28:50
#  File has been updated.
#  Successfully updated.

build/stm32f1xx_hal_msp.o: Src/stm32f1xx_hal_msp.c Makefile Src/stm32f1xx_hal_msp.c Inc/main.h Drivers/STM32F1xx_HAL_Driver/Inc/stm32f1xx_hal.h Inc/stm32f1xx_hal_conf.h Drivers/STM32F1xx_HAL_Driver/Inc/stm32f1xx_hal_rcc.h Drivers/STM32F1xx_HAL_Driver/Inc/stm32f1xx_hal_def.h Drivers/CMSIS/Device/ST/STM32F1xx/Include/stm32f1xx.h Drivers/CMSIS/Device/ST/STM32F1xx/Include/stm32f103xb.h Drivers/CMSIS/Include/core_cm3.h Drivers/CMSIS/Include/cmsis_version.h Drivers/CMSIS/Include/cmsis_compiler.h Drivers/CMSIS/Include/cmsis_gcc.h Drivers/CMSIS/Device/ST/STM32F1xx/Include/system_stm32f1xx.h Drivers/STM32F1xx_HAL_Driver/Inc/Legacy/stm32_hal_legacy.h Drivers/STM32F1xx_HAL_Driver/Inc/stm32f1xx_hal_rcc_ex.h Drivers/STM32F1xx_HAL_Driver/Inc/stm32f1xx_hal_gpio.h Drivers/STM32F1xx_HAL_Driver/Inc/stm32f1xx_hal_gpio_ex.h Drivers/STM32F1xx_HAL_Driver/Inc/stm32f1xx_hal_exti.h Drivers/STM32F1xx_HAL_Driver/Inc/stm32f1xx_hal_dma.h Drivers/STM32F1xx_HAL_Driver/Inc/stm32f1xx_hal_dma_ex.h Drivers/STM32F1xx_HAL_Driver/Inc/stm32f1xx_hal_cortex.h Drivers/STM32F1xx_HAL_Driver/Inc/stm32f1xx_hal_flash.h Drivers/STM32F1xx_HAL_Driver/Inc/stm32f1xx_hal_flash_ex.h Drivers/STM32F1xx_HAL_Driver/Inc/stm32f1xx_hal_i2c.h Drivers/STM32F1xx_HAL_Driver/Inc/stm32f1xx_hal_pwr.h Drivers/STM32F1xx_HAL_Driver/Inc/stm32f1xx_hal_tim.h Drivers/STM32F1xx_HAL_Driver/Inc/stm32f1xx_hal_tim_ex.h Drivers/STM32F1xx_HAL_Driver/Inc/stm32f1xx_hal_uart.h Drivers/STM32F1xx_HAL_Driver/Inc/stm32f1xx_hal_pcd.h Drivers/STM32F1xx_HAL_Driver/Inc/stm32f1xx_ll_usb.h Drivers/STM32F1xx_HAL_Driver/Inc/stm32f1xx_hal_pcd_ex.h | build
#  Implicit rule search has been done.
#  Implicit/static pattern stem: 'stm32f1xx_hal_msp'
#  Last modified 2022-07-20 01:28:34
#  File has been updated.
#  Successfully updated.
#  recipe to execute (from 'Makefile', line 172):
	$(CC) -c $(CFLAGS) -Wa,-a,-ad,-alms=$(BUILD_DIR)/$(notdir $(<:.c=.lst)) $< -o $@

Drivers/STM32F1xx_HAL_Driver/Inc/stm32f1xx_hal_i2c.h:
#  Implicit rule search has been done.
#  Last modified 2022-04-22 15:32:08
#  File has been updated.
#  Successfully updated.

# Not a target:
Src/system_stm32f1xx.c:
#  Implicit rule search has been done.
#  Last modified 2022-04-22 15:32:08
#  File has been updated.
#  Successfully updated.

build/main.o: Src/main.c Makefile Src/main.c Inc/main.h Drivers/STM32F1xx_HAL_Driver/Inc/stm32f1xx_hal.h Inc/stm32f1xx_hal_conf.h Drivers/STM32F1xx_HAL_Driver/Inc/stm32f1xx_hal_rcc.h Drivers/STM32F1xx_HAL_Driver/Inc/stm32f1xx_hal_def.h Drivers/CMSIS/Device/ST/STM32F1xx/Include/stm32f1xx.h Drivers/CMSIS/Device/ST/STM32F1xx/Include/stm32f103xb.h Drivers/CMSIS/Include/core_cm3.h Drivers/CMSIS/Include/cmsis_version.h Drivers/CMSIS/Include/cmsis_compiler.h Drivers/CMSIS/Include/cmsis_gcc.h Drivers/CMSIS/Device/ST/STM32F1xx/Include/system_stm32f1xx.h Drivers/STM32F1xx_HAL_Driver/Inc/Legacy/stm32_hal_legacy.h Drivers/STM32F1xx_HAL_Driver/Inc/stm32f1xx_hal_rcc_ex.h Drivers/STM32F1xx_HAL_Driver/Inc/stm32f1xx_hal_gpio.h Drivers/STM32F1xx_HAL_Driver/Inc/stm32f1xx_hal_gpio_ex.h Drivers/STM32F1xx_HAL_Driver/Inc/stm32f1xx_hal_exti.h Drivers/STM32F1xx_HAL_Driver/Inc/stm32f1xx_hal_dma.h Drivers/STM32F1xx_HAL_Driver/Inc/stm32f1xx_hal_dma_ex.h Drivers/STM32F1xx_HAL_Driver/Inc/stm32f1xx_hal_cortex.h Drivers/STM32F1xx_HAL_Driver/Inc/stm32f1xx_hal_flash.h Drivers/STM32F1xx_HAL_Driver/Inc/stm32f1xx_hal_flash_ex.h Drivers/STM32F1xx_HAL_Driver/Inc/stm32f1xx_hal_i2c.h Drivers/STM32F1xx_HAL_Driver/Inc/stm32f1xx_hal_pwr.h Drivers/STM32F1xx_HAL_Driver/Inc/stm32f1xx_hal_tim.h Drivers/STM32F1xx_HAL_Driver/Inc/stm32f1xx_hal_tim_ex.h Drivers/STM32F1xx_HAL_Driver/Inc/stm32f1xx_hal_uart.h Drivers/STM32F1xx_HAL_Driver/Inc/stm32f1xx_hal_pcd.h Drivers/STM32F1xx_HAL_Driver/Inc/stm32f1xx_ll_usb.h Drivers/STM32F1xx_HAL_Driver/Inc/stm32f1xx_hal_pcd_ex.h Inc/i2c.h Inc/main.h Inc/tim.h Inc/usart.h Inc/usb.h Inc/gpio.h Inc/oled.h | build
#  Implicit rule search has been done.
#  Implicit/static pattern stem: 'main'
#  Last modified 2022-07-20 01:30:07
#  File has been updated.
#  Successfully updated.
#  recipe to execute (from 'Makefile', line 172):
	$(CC) -c $(CFLAGS) -Wa,-a,-ad,-alms=$(BUILD_DIR)/$(notdir $(<:.c=.lst)) $< -o $@

build/stm32f1xx_hal_gpio.o: Drivers/STM32F1xx_HAL_Driver/Src/stm32f1xx_hal_gpio.c Makefile Drivers/STM32F1xx_HAL_Driver/Src/stm32f1xx_hal_gpio.c Drivers/STM32F1xx_HAL_Driver/Inc/stm32f1xx_hal.h Inc/stm32f1xx_hal_conf.h Drivers/STM32F1xx_HAL_Driver/Inc/stm32f1xx_hal_rcc.h Drivers/STM32F1xx_HAL_Driver/Inc/stm32f1xx_hal_def.h Drivers/CMSIS/Device/ST/STM32F1xx/Include/stm32f1xx.h Drivers/CMSIS/Device/ST/STM32F1xx/Include/stm32f103xb.h Drivers/CMSIS/Include/core_cm3.h Drivers/CMSIS/Include/cmsis_version.h Drivers/CMSIS/Include/cmsis_compiler.h Drivers/CMSIS/Include/cmsis_gcc.h Drivers/CMSIS/Device/ST/STM32F1xx/Include/system_stm32f1xx.h Drivers/STM32F1xx_HAL_Driver/Inc/Legacy/stm32_hal_legacy.h Drivers/STM32F1xx_HAL_Driver/Inc/stm32f1xx_hal_rcc_ex.h Drivers/STM32F1xx_HAL_Driver/Inc/stm32f1xx_hal_gpio.h Drivers/STM32F1xx_HAL_Driver/Inc/stm32f1xx_hal_gpio_ex.h Drivers/STM32F1xx_HAL_Driver/Inc/stm32f1xx_hal_exti.h Drivers/STM32F1xx_HAL_Driver/Inc/stm32f1xx_hal_dma.h Drivers/STM32F1xx_HAL_Driver/Inc/stm32f1xx_hal_dma_ex.h Drivers/STM32F1xx_HAL_Driver/Inc/stm32f1xx_hal_cortex.h Drivers/STM32F1xx_HAL_Driver/Inc/stm32f1xx_hal_flash.h Drivers/STM32F1xx_HAL_Driver/Inc/stm32f1xx_hal_flash_ex.h Drivers/STM32F1xx_HAL_Driver/Inc/stm32f1xx_hal_i2c.h Drivers/STM32F1xx_HAL_Driver/Inc/stm32f1xx_hal_pwr.h Drivers/STM32F1xx_HAL_Driver/Inc/stm32f1xx_hal_tim.h Drivers/STM32F1xx_HAL_Driver/Inc/stm32f1xx_hal_tim_ex.h Drivers/STM32F1xx_HAL_Driver/Inc/stm32f1xx_hal_uart.h Drivers/STM32F1xx_HAL_Driver/Inc/stm32f1xx_hal_pcd.h Drivers/STM32F1xx_HAL_Driver/Inc/stm32f1xx_ll_usb.h Drivers/STM32F1xx_HAL_Driver/Inc/stm32f1xx_hal_pcd_ex.h | build
#  Implicit rule search has been done.
#  Implicit/static pattern stem: 'stm32f1xx_hal_gpio'
#  Last modified 2022-07-20 01:28:50
#  File has been updated.
#  Successfully updated.
#  recipe to execute (from 'Makefile', line 172):
	$(CC) -c $(CFLAGS) -Wa,-a,-ad,-alms=$(BUILD_DIR)/$(notdir $(<:.c=.lst)) $< -o $@

Drivers/CMSIS/Include/cmsis_version.h:
#  Implicit rule search has been done.
#  Last modified 2022-04-22 15:31:18
#  File has been updated.
#  Successfully updated.

Drivers/CMSIS/Include/core_cm3.h:
#  Implicit rule search has been done.
#  Last modified 2022-04-22 15:31:18
#  File has been updated.
#  Successfully updated.

build/tim.o: Src/tim.c Makefile Src/tim.c Inc/tim.h Inc/main.h Drivers/STM32F1xx_HAL_Driver/Inc/stm32f1xx_hal.h Inc/stm32f1xx_hal_conf.h Drivers/STM32F1xx_HAL_Driver/Inc/stm32f1xx_hal_rcc.h Drivers/STM32F1xx_HAL_Driver/Inc/stm32f1xx_hal_def.h Drivers/CMSIS/Device/ST/STM32F1xx/Include/stm32f1xx.h Drivers/CMSIS/Device/ST/STM32F1xx/Include/stm32f103xb.h Drivers/CMSIS/Include/core_cm3.h Drivers/CMSIS/Include/cmsis_version.h Drivers/CMSIS/Include/cmsis_compiler.h Drivers/CMSIS/Include/cmsis_gcc.h Drivers/CMSIS/Device/ST/STM32F1xx/Include/system_stm32f1xx.h Drivers/STM32F1xx_HAL_Driver/Inc/Legacy/stm32_hal_legacy.h Drivers/STM32F1xx_HAL_Driver/Inc/stm32f1xx_hal_rcc_ex.h Drivers/STM32F1xx_HAL_Driver/Inc/stm32f1xx_hal_gpio.h Drivers/STM32F1xx_HAL_Driver/Inc/stm32f1xx_hal_gpio_ex.h Drivers/STM32F1xx_HAL_Driver/Inc/stm32f1xx_hal_exti.h Drivers/STM32F1xx_HAL_Driver/Inc/stm32f1xx_hal_dma.h Drivers/STM32F1xx_HAL_Driver/Inc/stm32f1xx_hal_dma_ex.h Drivers/STM32F1xx_HAL_Driver/Inc/stm32f1xx_hal_cortex.h Drivers/STM32F1xx_HAL_Driver/Inc/stm32f1xx_hal_flash.h Drivers/STM32F1xx_HAL_Driver/Inc/stm32f1xx_hal_flash_ex.h Drivers/STM32F1xx_HAL_Driver/Inc/stm32f1xx_hal_i2c.h Drivers/STM32F1xx_HAL_Driver/Inc/stm32f1xx_hal_pwr.h Drivers/STM32F1xx_HAL_Driver/Inc/stm32f1xx_hal_tim.h Drivers/STM32F1xx_HAL_Driver/Inc/stm32f1xx_hal_tim_ex.h Drivers/STM32F1xx_HAL_Driver/Inc/stm32f1xx_hal_uart.h Drivers/STM32F1xx_HAL_Driver/Inc/stm32f1xx_hal_pcd.h Drivers/STM32F1xx_HAL_Driver/Inc/stm32f1xx_ll_usb.h Drivers/STM32F1xx_HAL_Driver/Inc/stm32f1xx_hal_pcd_ex.h | build
#  Implicit rule search has been done.
#  Implicit/static pattern stem: 'tim'
#  Last modified 2022-07-20 01:28:33
#  File has been updated.
#  Successfully updated.
#  recipe to execute (from 'Makefile', line 172):
	$(CC) -c $(CFLAGS) -Wa,-a,-ad,-alms=$(BUILD_DIR)/$(notdir $(<:.c=.lst)) $< -o $@

# Not a target:
Drivers/STM32F1xx_HAL_Driver/Src/stm32f1xx_hal_rcc_ex.c:
#  Implicit rule search has been done.
#  Last modified 2022-04-22 15:32:08
#  File has been updated.
#  Successfully updated.

build/stm32f1xx_hal.o: Drivers/STM32F1xx_HAL_Driver/Src/stm32f1xx_hal.c Makefile Drivers/STM32F1xx_HAL_Driver/Src/stm32f1xx_hal.c Drivers/STM32F1xx_HAL_Driver/Inc/stm32f1xx_hal.h Inc/stm32f1xx_hal_conf.h Drivers/STM32F1xx_HAL_Driver/Inc/stm32f1xx_hal_rcc.h Drivers/STM32F1xx_HAL_Driver/Inc/stm32f1xx_hal_def.h Drivers/CMSIS/Device/ST/STM32F1xx/Include/stm32f1xx.h Drivers/CMSIS/Device/ST/STM32F1xx/Include/stm32f103xb.h Drivers/CMSIS/Include/core_cm3.h Drivers/CMSIS/Include/cmsis_version.h Drivers/CMSIS/Include/cmsis_compiler.h Drivers/CMSIS/Include/cmsis_gcc.h Drivers/CMSIS/Device/ST/STM32F1xx/Include/system_stm32f1xx.h Drivers/STM32F1xx_HAL_Driver/Inc/Legacy/stm32_hal_legacy.h Drivers/STM32F1xx_HAL_Driver/Inc/stm32f1xx_hal_rcc_ex.h Drivers/STM32F1xx_HAL_Driver/Inc/stm32f1xx_hal_gpio.h Drivers/STM32F1xx_HAL_Driver/Inc/stm32f1xx_hal_gpio_ex.h Drivers/STM32F1xx_HAL_Driver/Inc/stm32f1xx_hal_exti.h Drivers/STM32F1xx_HAL_Driver/Inc/stm32f1xx_hal_dma.h Drivers/STM32F1xx_HAL_Driver/Inc/stm32f1xx_hal_dma_ex.h Drivers/STM32F1xx_HAL_Driver/Inc/stm32f1xx_hal_cortex.h Drivers/STM32F1xx_HAL_Driver/Inc/stm32f1xx_hal_flash.h Drivers/STM32F1xx_HAL_Driver/Inc/stm32f1xx_hal_flash_ex.h Drivers/STM32F1xx_HAL_Driver/Inc/stm32f1xx_hal_i2c.h Drivers/STM32F1xx_HAL_Driver/Inc/stm32f1xx_hal_pwr.h Drivers/STM32F1xx_HAL_Driver/Inc/stm32f1xx_hal_tim.h Drivers/STM32F1xx_HAL_Driver/Inc/stm32f1xx_hal_tim_ex.h Drivers/STM32F1xx_HAL_Driver/Inc/stm32f1xx_hal_uart.h Drivers/STM32F1xx_HAL_Driver/Inc/stm32f1xx_hal_pcd.h Drivers/STM32F1xx_HAL_Driver/Inc/stm32f1xx_ll_usb.h Drivers/STM32F1xx_HAL_Driver/Inc/stm32f1xx_hal_pcd_ex.h | build
#  Implicit rule search has been done.
#  Implicit/static pattern stem: 'stm32f1xx_hal'
#  Last modified 2022-07-20 01:28:50
#  File has been updated.
#  Successfully updated.
#  recipe to execute (from 'Makefile', line 172):
	$(CC) -c $(CFLAGS) -Wa,-a,-ad,-alms=$(BUILD_DIR)/$(notdir $(<:.c=.lst)) $< -o $@

all: build/TEMPLETE.elf build/TEMPLETE.hex build/TEMPLETE.bin
#  Command line target.
#  Implicit rule search has been done.
#  File does not exist.
#  File has been updated.
#  Successfully updated.

# Not a target:
build/stm32f1xx_hal_i2c.d:
#  Implicit rule search has been done.
#  Last modified 2022-07-20 01:28:35
#  File has been updated.
#  Successfully updated.

Drivers/CMSIS/Include/cmsis_gcc.h:
#  Implicit rule search has been done.
#  Last modified 2022-04-22 15:31:18
#  File has been updated.
#  Successfully updated.

Drivers/STM32F1xx_HAL_Driver/Inc/stm32f1xx_hal_uart.h:
#  Implicit rule search has been done.
#  Last modified 2022-04-22 15:32:08
#  File has been updated.
#  Successfully updated.

build/usart.o: Src/usart.c Makefile Src/usart.c Inc/usart.h Inc/main.h Drivers/STM32F1xx_HAL_Driver/Inc/stm32f1xx_hal.h Inc/stm32f1xx_hal_conf.h Drivers/STM32F1xx_HAL_Driver/Inc/stm32f1xx_hal_rcc.h Drivers/STM32F1xx_HAL_Driver/Inc/stm32f1xx_hal_def.h Drivers/CMSIS/Device/ST/STM32F1xx/Include/stm32f1xx.h Drivers/CMSIS/Device/ST/STM32F1xx/Include/stm32f103xb.h Drivers/CMSIS/Include/core_cm3.h Drivers/CMSIS/Include/cmsis_version.h Drivers/CMSIS/Include/cmsis_compiler.h Drivers/CMSIS/Include/cmsis_gcc.h Drivers/CMSIS/Device/ST/STM32F1xx/Include/system_stm32f1xx.h Drivers/STM32F1xx_HAL_Driver/Inc/Legacy/stm32_hal_legacy.h Drivers/STM32F1xx_HAL_Driver/Inc/stm32f1xx_hal_rcc_ex.h Drivers/STM32F1xx_HAL_Driver/Inc/stm32f1xx_hal_gpio.h Drivers/STM32F1xx_HAL_Driver/Inc/stm32f1xx_hal_gpio_ex.h Drivers/STM32F1xx_HAL_Driver/Inc/stm32f1xx_hal_exti.h Drivers/STM32F1xx_HAL_Driver/Inc/stm32f1xx_hal_dma.h Drivers/STM32F1xx_HAL_Driver/Inc/stm32f1xx_hal_dma_ex.h Drivers/STM32F1xx_HAL_Driver/Inc/stm32f1xx_hal_cortex.h Drivers/STM32F1xx_HAL_Driver/Inc/stm32f1xx_hal_flash.h Drivers/STM32F1xx_HAL_Driver/Inc/stm32f1xx_hal_flash_ex.h Drivers/STM32F1xx_HAL_Driver/Inc/stm32f1xx_hal_i2c.h Drivers/STM32F1xx_HAL_Driver/Inc/stm32f1xx_hal_pwr.h Drivers/STM32F1xx_HAL_Driver/Inc/stm32f1xx_hal_tim.h Drivers/STM32F1xx_HAL_Driver/Inc/stm32f1xx_hal_tim_ex.h Drivers/STM32F1xx_HAL_Driver/Inc/stm32f1xx_hal_uart.h Drivers/STM32F1xx_HAL_Driver/Inc/stm32f1xx_hal_pcd.h Drivers/STM32F1xx_HAL_Driver/Inc/stm32f1xx_ll_usb.h Drivers/STM32F1xx_HAL_Driver/Inc/stm32f1xx_hal_pcd_ex.h | build
#  Implicit rule search has been done.
#  Implicit/static pattern stem: 'usart'
#  Last modified 2022-07-20 01:28:34
#  File has been updated.
#  Successfully updated.
#  recipe to execute (from 'Makefile', line 172):
	$(CC) -c $(CFLAGS) -Wa,-a,-ad,-alms=$(BUILD_DIR)/$(notdir $(<:.c=.lst)) $< -o $@

build/stm32f1xx_hal_rcc.o: Drivers/STM32F1xx_HAL_Driver/Src/stm32f1xx_hal_rcc.c Makefile Drivers/STM32F1xx_HAL_Driver/Src/stm32f1xx_hal_rcc.c Drivers/STM32F1xx_HAL_Driver/Inc/stm32f1xx_hal.h Inc/stm32f1xx_hal_conf.h Drivers/STM32F1xx_HAL_Driver/Inc/stm32f1xx_hal_rcc.h Drivers/STM32F1xx_HAL_Driver/Inc/stm32f1xx_hal_def.h Drivers/CMSIS/Device/ST/STM32F1xx/Include/stm32f1xx.h Drivers/CMSIS/Device/ST/STM32F1xx/Include/stm32f103xb.h Drivers/CMSIS/Include/core_cm3.h Drivers/CMSIS/Include/cmsis_version.h Drivers/CMSIS/Include/cmsis_compiler.h Drivers/CMSIS/Include/cmsis_gcc.h Drivers/CMSIS/Device/ST/STM32F1xx/Include/system_stm32f1xx.h Drivers/STM32F1xx_HAL_Driver/Inc/Legacy/stm32_hal_legacy.h Drivers/STM32F1xx_HAL_Driver/Inc/stm32f1xx_hal_rcc_ex.h Drivers/STM32F1xx_HAL_Driver/Inc/stm32f1xx_hal_gpio.h Drivers/STM32F1xx_HAL_Driver/Inc/stm32f1xx_hal_gpio_ex.h Drivers/STM32F1xx_HAL_Driver/Inc/stm32f1xx_hal_exti.h Drivers/STM32F1xx_HAL_Driver/Inc/stm32f1xx_hal_dma.h Drivers/STM32F1xx_HAL_Driver/Inc/stm32f1xx_hal_dma_ex.h Drivers/STM32F1xx_HAL_Driver/Inc/stm32f1xx_hal_cortex.h Drivers/STM32F1xx_HAL_Driver/Inc/stm32f1xx_hal_flash.h Drivers/STM32F1xx_HAL_Driver/Inc/stm32f1xx_hal_flash_ex.h Drivers/STM32F1xx_HAL_Driver/Inc/stm32f1xx_hal_i2c.h Drivers/STM32F1xx_HAL_Driver/Inc/stm32f1xx_hal_pwr.h Drivers/STM32F1xx_HAL_Driver/Inc/stm32f1xx_hal_tim.h Drivers/STM32F1xx_HAL_Driver/Inc/stm32f1xx_hal_tim_ex.h Drivers/STM32F1xx_HAL_Driver/Inc/stm32f1xx_hal_uart.h Drivers/STM32F1xx_HAL_Driver/Inc/stm32f1xx_hal_pcd.h Drivers/STM32F1xx_HAL_Driver/Inc/stm32f1xx_ll_usb.h Drivers/STM32F1xx_HAL_Driver/Inc/stm32f1xx_hal_pcd_ex.h | build
#  Implicit rule search has been done.
#  Implicit/static pattern stem: 'stm32f1xx_hal_rcc'
#  Last modified 2022-07-20 01:28:50
#  File has been updated.
#  Successfully updated.
#  recipe to execute (from 'Makefile', line 172):
	$(CC) -c $(CFLAGS) -Wa,-a,-ad,-alms=$(BUILD_DIR)/$(notdir $(<:.c=.lst)) $< -o $@

# Not a target:
Drivers/STM32F1xx_HAL_Driver/Src/stm32f1xx_hal_i2c.c:
#  Implicit rule search has been done.
#  Last modified 2022-04-22 15:32:08
#  File has been updated.
#  Successfully updated.

Drivers/STM32F1xx_HAL_Driver/Inc/stm32f1xx_ll_usb.h:
#  Implicit rule search has been done.
#  Last modified 2022-04-22 15:32:08
#  File has been updated.
#  Successfully updated.

# Not a target:
build/stm32f1xx_hal_uart.d:
#  Implicit rule search has been done.
#  Last modified 2022-07-20 01:28:47
#  File has been updated.
#  Successfully updated.

Inc/main.h:
#  Implicit rule search has been done.
#  Last modified 2022-07-20 00:53:02
#  File has been updated.
#  Successfully updated.

# Not a target:
build/stm32f1xx_ll_usb.d:
#  Implicit rule search has been done.
#  Last modified 2022-07-20 01:28:49
#  File has been updated.
#  Successfully updated.

build/usb.o: Src/usb.c Makefile Src/usb.c Inc/usb.h Inc/main.h Drivers/STM32F1xx_HAL_Driver/Inc/stm32f1xx_hal.h Inc/stm32f1xx_hal_conf.h Drivers/STM32F1xx_HAL_Driver/Inc/stm32f1xx_hal_rcc.h Drivers/STM32F1xx_HAL_Driver/Inc/stm32f1xx_hal_def.h Drivers/CMSIS/Device/ST/STM32F1xx/Include/stm32f1xx.h Drivers/CMSIS/Device/ST/STM32F1xx/Include/stm32f103xb.h Drivers/CMSIS/Include/core_cm3.h Drivers/CMSIS/Include/cmsis_version.h Drivers/CMSIS/Include/cmsis_compiler.h Drivers/CMSIS/Include/cmsis_gcc.h Drivers/CMSIS/Device/ST/STM32F1xx/Include/system_stm32f1xx.h Drivers/STM32F1xx_HAL_Driver/Inc/Legacy/stm32_hal_legacy.h Drivers/STM32F1xx_HAL_Driver/Inc/stm32f1xx_hal_rcc_ex.h Drivers/STM32F1xx_HAL_Driver/Inc/stm32f1xx_hal_gpio.h Drivers/STM32F1xx_HAL_Driver/Inc/stm32f1xx_hal_gpio_ex.h Drivers/STM32F1xx_HAL_Driver/Inc/stm32f1xx_hal_exti.h Drivers/STM32F1xx_HAL_Driver/Inc/stm32f1xx_hal_dma.h Drivers/STM32F1xx_HAL_Driver/Inc/stm32f1xx_hal_dma_ex.h Drivers/STM32F1xx_HAL_Driver/Inc/stm32f1xx_hal_cortex.h Drivers/STM32F1xx_HAL_Driver/Inc/stm32f1xx_hal_flash.h Drivers/STM32F1xx_HAL_Driver/Inc/stm32f1xx_hal_flash_ex.h Drivers/STM32F1xx_HAL_Driver/Inc/stm32f1xx_hal_i2c.h Drivers/STM32F1xx_HAL_Driver/Inc/stm32f1xx_hal_pwr.h Drivers/STM32F1xx_HAL_Driver/Inc/stm32f1xx_hal_tim.h Drivers/STM32F1xx_HAL_Driver/Inc/stm32f1xx_hal_tim_ex.h Drivers/STM32F1xx_HAL_Driver/Inc/stm32f1xx_hal_uart.h Drivers/STM32F1xx_HAL_Driver/Inc/stm32f1xx_hal_pcd.h Drivers/STM32F1xx_HAL_Driver/Inc/stm32f1xx_ll_usb.h Drivers/STM32F1xx_HAL_Driver/Inc/stm32f1xx_hal_pcd_ex.h | build
#  Implicit rule search has been done.
#  Implicit/static pattern stem: 'usb'
#  Last modified 2022-07-20 01:28:34
#  File has been updated.
#  Successfully updated.
#  recipe to execute (from 'Makefile', line 172):
	$(CC) -c $(CFLAGS) -Wa,-a,-ad,-alms=$(BUILD_DIR)/$(notdir $(<:.c=.lst)) $< -o $@

build/stm32f1xx_hal_exti.o: Drivers/STM32F1xx_HAL_Driver/Src/stm32f1xx_hal_exti.c Makefile Drivers/STM32F1xx_HAL_Driver/Src/stm32f1xx_hal_exti.c Drivers/STM32F1xx_HAL_Driver/Inc/stm32f1xx_hal.h Inc/stm32f1xx_hal_conf.h Drivers/STM32F1xx_HAL_Driver/Inc/stm32f1xx_hal_rcc.h Drivers/STM32F1xx_HAL_Driver/Inc/stm32f1xx_hal_def.h Drivers/CMSIS/Device/ST/STM32F1xx/Include/stm32f1xx.h Drivers/CMSIS/Device/ST/STM32F1xx/Include/stm32f103xb.h Drivers/CMSIS/Include/core_cm3.h Drivers/CMSIS/Include/cmsis_version.h Drivers/CMSIS/Include/cmsis_compiler.h Drivers/CMSIS/Include/cmsis_gcc.h Drivers/CMSIS/Device/ST/STM32F1xx/Include/system_stm32f1xx.h Drivers/STM32F1xx_HAL_Driver/Inc/Legacy/stm32_hal_legacy.h Drivers/STM32F1xx_HAL_Driver/Inc/stm32f1xx_hal_rcc_ex.h Drivers/STM32F1xx_HAL_Driver/Inc/stm32f1xx_hal_gpio.h Drivers/STM32F1xx_HAL_Driver/Inc/stm32f1xx_hal_gpio_ex.h Drivers/STM32F1xx_HAL_Driver/Inc/stm32f1xx_hal_exti.h Drivers/STM32F1xx_HAL_Driver/Inc/stm32f1xx_hal_dma.h Drivers/STM32F1xx_HAL_Driver/Inc/stm32f1xx_hal_dma_ex.h Drivers/STM32F1xx_HAL_Driver/Inc/stm32f1xx_hal_cortex.h Drivers/STM32F1xx_HAL_Driver/Inc/stm32f1xx_hal_flash.h Drivers/STM32F1xx_HAL_Driver/Inc/stm32f1xx_hal_flash_ex.h Drivers/STM32F1xx_HAL_Driver/Inc/stm32f1xx_hal_i2c.h Drivers/STM32F1xx_HAL_Driver/Inc/stm32f1xx_hal_pwr.h Drivers/STM32F1xx_HAL_Driver/Inc/stm32f1xx_hal_tim.h Drivers/STM32F1xx_HAL_Driver/Inc/stm32f1xx_hal_tim_ex.h Drivers/STM32F1xx_HAL_Driver/Inc/stm32f1xx_hal_uart.h Drivers/STM32F1xx_HAL_Driver/Inc/stm32f1xx_hal_pcd.h Drivers/STM32F1xx_HAL_Driver/Inc/stm32f1xx_ll_usb.h Drivers/STM32F1xx_HAL_Driver/Inc/stm32f1xx_hal_pcd_ex.h | build
#  Implicit rule search has been done.
#  Implicit/static pattern stem: 'stm32f1xx_hal_exti'
#  Last modified 2022-07-20 01:28:52
#  File has been updated.
#  Successfully updated.
#  recipe to execute (from 'Makefile', line 172):
	$(CC) -c $(CFLAGS) -Wa,-a,-ad,-alms=$(BUILD_DIR)/$(notdir $(<:.c=.lst)) $< -o $@

Inc/tim.h:
#  Implicit rule search has been done.
#  Last modified 2022-07-20 00:53:01
#  File has been updated.
#  Successfully updated.

# Not a target:
Drivers/STM32F1xx_HAL_Driver/Src/stm32f1xx_hal_flash.c:
#  Implicit rule search has been done.
#  Last modified 2022-04-22 15:32:08
#  File has been updated.
#  Successfully updated.

# Not a target:
Drivers/STM32F1xx_HAL_Driver/Src/stm32f1xx_hal_uart.c:
#  Implicit rule search has been done.
#  Last modified 2022-04-22 15:32:08
#  File has been updated.
#  Successfully updated.

build/startup_stm32f103xb.o: startup_stm32f103xb.s Makefile startup_stm32f103xb.s | build
#  Implicit rule search has been done.
#  Implicit/static pattern stem: 'startup_stm32f103xb'
#  Last modified 2022-07-20 01:28:52
#  File has been updated.
#  Successfully updated.
#  recipe to execute (from 'Makefile', line 175):
	$(AS) -c $(CFLAGS) $< -o $@

# Not a target:
Drivers/STM32F1xx_HAL_Driver/Src/stm32f1xx_ll_usb.c:
#  Implicit rule search has been done.
#  Last modified 2022-04-22 15:32:08
#  File has been updated.
#  Successfully updated.

Inc/usart.h:
#  Implicit rule search has been done.
#  Last modified 2022-07-20 00:53:01
#  File has been updated.
#  Successfully updated.

Drivers/STM32F1xx_HAL_Driver/Inc/stm32f1xx_hal_tim.h:
#  Implicit rule search has been done.
#  Last modified 2022-04-22 15:32:08
#  File has been updated.
#  Successfully updated.

Drivers/STM32F1xx_HAL_Driver/Inc/stm32f1xx_hal_pcd.h:
#  Implicit rule search has been done.
#  Last modified 2022-04-22 15:32:08
#  File has been updated.
#  Successfully updated.

Drivers/CMSIS/Device/ST/STM32F1xx/Include/system_stm32f1xx.h:
#  Implicit rule search has been done.
#  Last modified 2022-04-22 15:32:08
#  File has been updated.
#  Successfully updated.

# Not a target:
Makefile:
#  Implicit rule search has been done.
#  Last modified 2022-07-20 00:53:04
#  File has been updated.
#  Successfully updated.

# Not a target:
build/stm32f1xx_hal_msp.d:
#  Implicit rule search has been done.
#  Last modified 2022-07-20 01:28:34
#  File has been updated.
#  Successfully updated.

Drivers/CMSIS/Include/cmsis_compiler.h:
#  Implicit rule search has been done.
#  Last modified 2022-04-22 15:31:18
#  File has been updated.
#  Successfully updated.

build/stm32f1xx_it.o: Src/stm32f1xx_it.c Makefile Src/stm32f1xx_it.c Inc/main.h Drivers/STM32F1xx_HAL_Driver/Inc/stm32f1xx_hal.h Inc/stm32f1xx_hal_conf.h Drivers/STM32F1xx_HAL_Driver/Inc/stm32f1xx_hal_rcc.h Drivers/STM32F1xx_HAL_Driver/Inc/stm32f1xx_hal_def.h Drivers/CMSIS/Device/ST/STM32F1xx/Include/stm32f1xx.h Drivers/CMSIS/Device/ST/STM32F1xx/Include/stm32f103xb.h Drivers/CMSIS/Include/core_cm3.h Drivers/CMSIS/Include/cmsis_version.h Drivers/CMSIS/Include/cmsis_compiler.h Drivers/CMSIS/Include/cmsis_gcc.h Drivers/CMSIS/Device/ST/STM32F1xx/Include/system_stm32f1xx.h Drivers/STM32F1xx_HAL_Driver/Inc/Legacy/stm32_hal_legacy.h Drivers/STM32F1xx_HAL_Driver/Inc/stm32f1xx_hal_rcc_ex.h Drivers/STM32F1xx_HAL_Driver/Inc/stm32f1xx_hal_gpio.h Drivers/STM32F1xx_HAL_Driver/Inc/stm32f1xx_hal_gpio_ex.h Drivers/STM32F1xx_HAL_Driver/Inc/stm32f1xx_hal_exti.h Drivers/STM32F1xx_HAL_Driver/Inc/stm32f1xx_hal_dma.h Drivers/STM32F1xx_HAL_Driver/Inc/stm32f1xx_hal_dma_ex.h Drivers/STM32F1xx_HAL_Driver/Inc/stm32f1xx_hal_cortex.h Drivers/STM32F1xx_HAL_Driver/Inc/stm32f1xx_hal_flash.h Drivers/STM32F1xx_HAL_Driver/Inc/stm32f1xx_hal_flash_ex.h Drivers/STM32F1xx_HAL_Driver/Inc/stm32f1xx_hal_i2c.h Drivers/STM32F1xx_HAL_Driver/Inc/stm32f1xx_hal_pwr.h Drivers/STM32F1xx_HAL_Driver/Inc/stm32f1xx_hal_tim.h Drivers/STM32F1xx_HAL_Driver/Inc/stm32f1xx_hal_tim_ex.h Drivers/STM32F1xx_HAL_Driver/Inc/stm32f1xx_hal_uart.h Drivers/STM32F1xx_HAL_Driver/Inc/stm32f1xx_hal_pcd.h Drivers/STM32F1xx_HAL_Driver/Inc/stm32f1xx_ll_usb.h Drivers/STM32F1xx_HAL_Driver/Inc/stm32f1xx_hal_pcd_ex.h Inc/stm32f1xx_it.h | build
#  Implicit rule search has been done.
#  Implicit/static pattern stem: 'stm32f1xx_it'
#  Last modified 2022-07-20 01:28:34
#  File has been updated.
#  Successfully updated.
#  recipe to execute (from 'Makefile', line 172):
	$(CC) -c $(CFLAGS) -Wa,-a,-ad,-alms=$(BUILD_DIR)/$(notdir $(<:.c=.lst)) $< -o $@

Inc/usb.h:
#  Implicit rule search has been done.
#  Last modified 2022-07-20 00:53:02
#  File has been updated.
#  Successfully updated.

build/stm32f1xx_hal_gpio_ex.o: Drivers/STM32F1xx_HAL_Driver/Src/stm32f1xx_hal_gpio_ex.c Makefile Drivers/STM32F1xx_HAL_Driver/Src/stm32f1xx_hal_gpio_ex.c Drivers/STM32F1xx_HAL_Driver/Inc/stm32f1xx_hal.h Inc/stm32f1xx_hal_conf.h Drivers/STM32F1xx_HAL_Driver/Inc/stm32f1xx_hal_rcc.h Drivers/STM32F1xx_HAL_Driver/Inc/stm32f1xx_hal_def.h Drivers/CMSIS/Device/ST/STM32F1xx/Include/stm32f1xx.h Drivers/CMSIS/Device/ST/STM32F1xx/Include/stm32f103xb.h Drivers/CMSIS/Include/core_cm3.h Drivers/CMSIS/Include/cmsis_version.h Drivers/CMSIS/Include/cmsis_compiler.h Drivers/CMSIS/Include/cmsis_gcc.h Drivers/CMSIS/Device/ST/STM32F1xx/Include/system_stm32f1xx.h Drivers/STM32F1xx_HAL_Driver/Inc/Legacy/stm32_hal_legacy.h Drivers/STM32F1xx_HAL_Driver/Inc/stm32f1xx_hal_rcc_ex.h Drivers/STM32F1xx_HAL_Driver/Inc/stm32f1xx_hal_gpio.h Drivers/STM32F1xx_HAL_Driver/Inc/stm32f1xx_hal_gpio_ex.h Drivers/STM32F1xx_HAL_Driver/Inc/stm32f1xx_hal_exti.h Drivers/STM32F1xx_HAL_Driver/Inc/stm32f1xx_hal_dma.h Drivers/STM32F1xx_HAL_Driver/Inc/stm32f1xx_hal_dma_ex.h Drivers/STM32F1xx_HAL_Driver/Inc/stm32f1xx_hal_cortex.h Drivers/STM32F1xx_HAL_Driver/Inc/stm32f1xx_hal_flash.h Drivers/STM32F1xx_HAL_Driver/Inc/stm32f1xx_hal_flash_ex.h Drivers/STM32F1xx_HAL_Driver/Inc/stm32f1xx_hal_i2c.h Drivers/STM32F1xx_HAL_Driver/Inc/stm32f1xx_hal_pwr.h Drivers/STM32F1xx_HAL_Driver/Inc/stm32f1xx_hal_tim.h Drivers/STM32F1xx_HAL_Driver/Inc/stm32f1xx_hal_tim_ex.h Drivers/STM32F1xx_HAL_Driver/Inc/stm32f1xx_hal_uart.h Drivers/STM32F1xx_HAL_Driver/Inc/stm32f1xx_hal_pcd.h Drivers/STM32F1xx_HAL_Driver/Inc/stm32f1xx_ll_usb.h Drivers/STM32F1xx_HAL_Driver/Inc/stm32f1xx_hal_pcd_ex.h | build
#  Implicit rule search has been done.
#  Implicit/static pattern stem: 'stm32f1xx_hal_gpio_ex'
#  Last modified 2022-07-20 01:28:35
#  File has been updated.
#  Successfully updated.
#  recipe to execute (from 'Makefile', line 172):
	$(CC) -c $(CFLAGS) -Wa,-a,-ad,-alms=$(BUILD_DIR)/$(notdir $(<:.c=.lst)) $< -o $@

update:
#  Implicit rule search has not been done.
#  Modification time never checked.
#  File has not been updated.
#  recipe to execute (from 'Makefile', line 204):
	openocd -f openocd.cfg -c init -c halt \
	-c "program $(BUILD_DIR)/$(TARGET).hex verify reset exit"

build/oled.o: Src/oled.c Makefile Src/oled.c Inc/oled.h Drivers/STM32F1xx_HAL_Driver/Inc/stm32f1xx_hal.h Inc/stm32f1xx_hal_conf.h Drivers/STM32F1xx_HAL_Driver/Inc/stm32f1xx_hal_rcc.h Drivers/STM32F1xx_HAL_Driver/Inc/stm32f1xx_hal_def.h Drivers/CMSIS/Device/ST/STM32F1xx/Include/stm32f1xx.h Drivers/CMSIS/Device/ST/STM32F1xx/Include/stm32f103xb.h Drivers/CMSIS/Include/core_cm3.h Drivers/CMSIS/Include/cmsis_version.h Drivers/CMSIS/Include/cmsis_compiler.h Drivers/CMSIS/Include/cmsis_gcc.h Drivers/CMSIS/Device/ST/STM32F1xx/Include/system_stm32f1xx.h Drivers/STM32F1xx_HAL_Driver/Inc/Legacy/stm32_hal_legacy.h Drivers/STM32F1xx_HAL_Driver/Inc/stm32f1xx_hal_rcc_ex.h Drivers/STM32F1xx_HAL_Driver/Inc/stm32f1xx_hal_gpio.h Drivers/STM32F1xx_HAL_Driver/Inc/stm32f1xx_hal_gpio_ex.h Drivers/STM32F1xx_HAL_Driver/Inc/stm32f1xx_hal_exti.h Drivers/STM32F1xx_HAL_Driver/Inc/stm32f1xx_hal_dma.h Drivers/STM32F1xx_HAL_Driver/Inc/stm32f1xx_hal_dma_ex.h Drivers/STM32F1xx_HAL_Driver/Inc/stm32f1xx_hal_cortex.h Drivers/STM32F1xx_HAL_Driver/Inc/stm32f1xx_hal_flash.h Drivers/STM32F1xx_HAL_Driver/Inc/stm32f1xx_hal_flash_ex.h Drivers/STM32F1xx_HAL_Driver/Inc/stm32f1xx_hal_i2c.h Drivers/STM32F1xx_HAL_Driver/Inc/stm32f1xx_hal_pwr.h Drivers/STM32F1xx_HAL_Driver/Inc/stm32f1xx_hal_tim.h Drivers/STM32F1xx_HAL_Driver/Inc/stm32f1xx_hal_tim_ex.h Drivers/STM32F1xx_HAL_Driver/Inc/stm32f1xx_hal_uart.h Drivers/STM32F1xx_HAL_Driver/Inc/stm32f1xx_hal_pcd.h Drivers/STM32F1xx_HAL_Driver/Inc/stm32f1xx_ll_usb.h Drivers/STM32F1xx_HAL_Driver/Inc/stm32f1xx_hal_pcd_ex.h Inc/i2c.h Inc/main.h Inc/oledfont.h | build
#  Implicit rule search has been done.
#  Implicit/static pattern stem: 'oled'
#  Last modified 2022-07-20 01:28:34
#  File has been updated.
#  Successfully updated.
#  recipe to execute (from 'Makefile', line 172):
	$(CC) -c $(CFLAGS) -Wa,-a,-ad,-alms=$(BUILD_DIR)/$(notdir $(<:.c=.lst)) $< -o $@

Drivers/STM32F1xx_HAL_Driver/Inc/stm32f1xx_hal_pwr.h:
#  Implicit rule search has been done.
#  Last modified 2022-04-22 15:32:08
#  File has been updated.
#  Successfully updated.

# Not a target:
Drivers/STM32F1xx_HAL_Driver/Src/stm32f1xx_hal_tim.c:
#  Implicit rule search has been done.
#  Last modified 2022-04-22 15:32:08
#  File has been updated.
#  Successfully updated.

build/gpio.o: Src/gpio.c Makefile Src/gpio.c Inc/gpio.h Inc/main.h Drivers/STM32F1xx_HAL_Driver/Inc/stm32f1xx_hal.h Inc/stm32f1xx_hal_conf.h Drivers/STM32F1xx_HAL_Driver/Inc/stm32f1xx_hal_rcc.h Drivers/STM32F1xx_HAL_Driver/Inc/stm32f1xx_hal_def.h Drivers/CMSIS/Device/ST/STM32F1xx/Include/stm32f1xx.h Drivers/CMSIS/Device/ST/STM32F1xx/Include/stm32f103xb.h Drivers/CMSIS/Include/core_cm3.h Drivers/CMSIS/Include/cmsis_version.h Drivers/CMSIS/Include/cmsis_compiler.h Drivers/CMSIS/Include/cmsis_gcc.h Drivers/CMSIS/Device/ST/STM32F1xx/Include/system_stm32f1xx.h Drivers/STM32F1xx_HAL_Driver/Inc/Legacy/stm32_hal_legacy.h Drivers/STM32F1xx_HAL_Driver/Inc/stm32f1xx_hal_rcc_ex.h Drivers/STM32F1xx_HAL_Driver/Inc/stm32f1xx_hal_gpio.h Drivers/STM32F1xx_HAL_Driver/Inc/stm32f1xx_hal_gpio_ex.h Drivers/STM32F1xx_HAL_Driver/Inc/stm32f1xx_hal_exti.h Drivers/STM32F1xx_HAL_Driver/Inc/stm32f1xx_hal_dma.h Drivers/STM32F1xx_HAL_Driver/Inc/stm32f1xx_hal_dma_ex.h Drivers/STM32F1xx_HAL_Driver/Inc/stm32f1xx_hal_cortex.h Drivers/STM32F1xx_HAL_Driver/Inc/stm32f1xx_hal_flash.h Drivers/STM32F1xx_HAL_Driver/Inc/stm32f1xx_hal_flash_ex.h Drivers/STM32F1xx_HAL_Driver/Inc/stm32f1xx_hal_i2c.h Drivers/STM32F1xx_HAL_Driver/Inc/stm32f1xx_hal_pwr.h Drivers/STM32F1xx_HAL_Driver/Inc/stm32f1xx_hal_tim.h Drivers/STM32F1xx_HAL_Driver/Inc/stm32f1xx_hal_tim_ex.h Drivers/STM32F1xx_HAL_Driver/Inc/stm32f1xx_hal_uart.h Drivers/STM32F1xx_HAL_Driver/Inc/stm32f1xx_hal_pcd.h Drivers/STM32F1xx_HAL_Driver/Inc/stm32f1xx_ll_usb.h Drivers/STM32F1xx_HAL_Driver/Inc/stm32f1xx_hal_pcd_ex.h | build
#  Implicit rule search has been done.
#  Implicit/static pattern stem: 'gpio'
#  Last modified 2022-07-20 01:28:33
#  File has been updated.
#  Successfully updated.
#  recipe to execute (from 'Makefile', line 172):
	$(CC) -c $(CFLAGS) -Wa,-a,-ad,-alms=$(BUILD_DIR)/$(notdir $(<:.c=.lst)) $< -o $@

# Not a target:
build/system_stm32f1xx.d:
#  Implicit rule search has been done.
#  Last modified 2022-07-20 01:28:52
#  File has been updated.
#  Successfully updated.

build:
#  Implicit rule search has not been done.
#  Last modified 2022-07-20 01:30:07
#  File has been updated.
#  Successfully updated.
#  recipe to execute (from 'Makefile', line 188):
	mkdir $@		

build/stm32f1xx_hal_rcc_ex.o: Drivers/STM32F1xx_HAL_Driver/Src/stm32f1xx_hal_rcc_ex.c Makefile Drivers/STM32F1xx_HAL_Driver/Src/stm32f1xx_hal_rcc_ex.c Drivers/STM32F1xx_HAL_Driver/Inc/stm32f1xx_hal.h Inc/stm32f1xx_hal_conf.h Drivers/STM32F1xx_HAL_Driver/Inc/stm32f1xx_hal_rcc.h Drivers/STM32F1xx_HAL_Driver/Inc/stm32f1xx_hal_def.h Drivers/CMSIS/Device/ST/STM32F1xx/Include/stm32f1xx.h Drivers/CMSIS/Device/ST/STM32F1xx/Include/stm32f103xb.h Drivers/CMSIS/Include/core_cm3.h Drivers/CMSIS/Include/cmsis_version.h Drivers/CMSIS/Include/cmsis_compiler.h Drivers/CMSIS/Include/cmsis_gcc.h Drivers/CMSIS/Device/ST/STM32F1xx/Include/system_stm32f1xx.h Drivers/STM32F1xx_HAL_Driver/Inc/Legacy/stm32_hal_legacy.h Drivers/STM32F1xx_HAL_Driver/Inc/stm32f1xx_hal_rcc_ex.h Drivers/STM32F1xx_HAL_Driver/Inc/stm32f1xx_hal_gpio.h Drivers/STM32F1xx_HAL_Driver/Inc/stm32f1xx_hal_gpio_ex.h Drivers/STM32F1xx_HAL_Driver/Inc/stm32f1xx_hal_exti.h Drivers/STM32F1xx_HAL_Driver/Inc/stm32f1xx_hal_dma.h Drivers/STM32F1xx_HAL_Driver/Inc/stm32f1xx_hal_dma_ex.h Drivers/STM32F1xx_HAL_Driver/Inc/stm32f1xx_hal_cortex.h Drivers/STM32F1xx_HAL_Driver/Inc/stm32f1xx_hal_flash.h Drivers/STM32F1xx_HAL_Driver/Inc/stm32f1xx_hal_flash_ex.h Drivers/STM32F1xx_HAL_Driver/Inc/stm32f1xx_hal_i2c.h Drivers/STM32F1xx_HAL_Driver/Inc/stm32f1xx_hal_pwr.h Drivers/STM32F1xx_HAL_Driver/Inc/stm32f1xx_hal_tim.h Drivers/STM32F1xx_HAL_Driver/Inc/stm32f1xx_hal_tim_ex.h Drivers/STM32F1xx_HAL_Driver/Inc/stm32f1xx_hal_uart.h Drivers/STM32F1xx_HAL_Driver/Inc/stm32f1xx_hal_pcd.h Drivers/STM32F1xx_HAL_Driver/Inc/stm32f1xx_ll_usb.h Drivers/STM32F1xx_HAL_Driver/Inc/stm32f1xx_hal_pcd_ex.h | build
#  Implicit rule search has been done.
#  Implicit/static pattern stem: 'stm32f1xx_hal_rcc_ex'
#  Last modified 2022-07-20 01:28:50
#  File has been updated.
#  Successfully updated.
#  recipe to execute (from 'Makefile', line 172):
	$(CC) -c $(CFLAGS) -Wa,-a,-ad,-alms=$(BUILD_DIR)/$(notdir $(<:.c=.lst)) $< -o $@

# Not a target:
Drivers/STM32F1xx_HAL_Driver/Src/stm32f1xx_hal_pcd.c:
#  Implicit rule search has been done.
#  Last modified 2022-04-22 15:32:08
#  File has been updated.
#  Successfully updated.

# Not a target:
build/stm32f1xx_hal_pwr.d:
#  Implicit rule search has been done.
#  Last modified 2022-07-20 01:28:51
#  File has been updated.
#  Successfully updated.

# Not a target:
build/i2c.d:
#  Implicit rule search has been done.
#  Last modified 2022-07-20 01:28:33
#  File has been updated.
#  Successfully updated.

# Not a target:
Src/stm32f1xx_hal_msp.c:
#  Implicit rule search has been done.
#  Last modified 2022-07-20 00:53:02
#  File has been updated.
#  Successfully updated.

Inc/oledfont.h:
#  Implicit rule search has been done.
#  Last modified 2022-04-23 10:50:30
#  File has been updated.
#  Successfully updated.

# Not a target:
Src/main.c:
#  Implicit rule search has been done.
#  Last modified 2022-07-20 01:30:02
#  File has been updated.
#  Successfully updated.

Inc/stm32f1xx_it.h:
#  Implicit rule search has been done.
#  Last modified 2022-07-20 00:53:02
#  File has been updated.
#  Successfully updated.

# Not a target:
Drivers/STM32F1xx_HAL_Driver/Src/stm32f1xx_hal_pwr.c:
#  Implicit rule search has been done.
#  Last modified 2022-04-22 15:32:08
#  File has been updated.
#  Successfully updated.

build/stm32f1xx_hal_i2c.o: Drivers/STM32F1xx_HAL_Driver/Src/stm32f1xx_hal_i2c.c Makefile Drivers/STM32F1xx_HAL_Driver/Src/stm32f1xx_hal_i2c.c Drivers/STM32F1xx_HAL_Driver/Inc/stm32f1xx_hal.h Inc/stm32f1xx_hal_conf.h Drivers/STM32F1xx_HAL_Driver/Inc/stm32f1xx_hal_rcc.h Drivers/STM32F1xx_HAL_Driver/Inc/stm32f1xx_hal_def.h Drivers/CMSIS/Device/ST/STM32F1xx/Include/stm32f1xx.h Drivers/CMSIS/Device/ST/STM32F1xx/Include/stm32f103xb.h Drivers/CMSIS/Include/core_cm3.h Drivers/CMSIS/Include/cmsis_version.h Drivers/CMSIS/Include/cmsis_compiler.h Drivers/CMSIS/Include/cmsis_gcc.h Drivers/CMSIS/Device/ST/STM32F1xx/Include/system_stm32f1xx.h Drivers/STM32F1xx_HAL_Driver/Inc/Legacy/stm32_hal_legacy.h Drivers/STM32F1xx_HAL_Driver/Inc/stm32f1xx_hal_rcc_ex.h Drivers/STM32F1xx_HAL_Driver/Inc/stm32f1xx_hal_gpio.h Drivers/STM32F1xx_HAL_Driver/Inc/stm32f1xx_hal_gpio_ex.h Drivers/STM32F1xx_HAL_Driver/Inc/stm32f1xx_hal_exti.h Drivers/STM32F1xx_HAL_Driver/Inc/stm32f1xx_hal_dma.h Drivers/STM32F1xx_HAL_Driver/Inc/stm32f1xx_hal_dma_ex.h Drivers/STM32F1xx_HAL_Driver/Inc/stm32f1xx_hal_cortex.h Drivers/STM32F1xx_HAL_Driver/Inc/stm32f1xx_hal_flash.h Drivers/STM32F1xx_HAL_Driver/Inc/stm32f1xx_hal_flash_ex.h Drivers/STM32F1xx_HAL_Driver/Inc/stm32f1xx_hal_i2c.h Drivers/STM32F1xx_HAL_Driver/Inc/stm32f1xx_hal_pwr.h Drivers/STM32F1xx_HAL_Driver/Inc/stm32f1xx_hal_tim.h Drivers/STM32F1xx_HAL_Driver/Inc/stm32f1xx_hal_tim_ex.h Drivers/STM32F1xx_HAL_Driver/Inc/stm32f1xx_hal_uart.h Drivers/STM32F1xx_HAL_Driver/Inc/stm32f1xx_hal_pcd.h Drivers/STM32F1xx_HAL_Driver/Inc/stm32f1xx_ll_usb.h Drivers/STM32F1xx_HAL_Driver/Inc/stm32f1xx_hal_pcd_ex.h | build
#  Implicit rule search has been done.
#  Implicit/static pattern stem: 'stm32f1xx_hal_i2c'
#  Last modified 2022-07-20 01:28:40
#  File has been updated.
#  Successfully updated.
#  recipe to execute (from 'Makefile', line 172):
	$(CC) -c $(CFLAGS) -Wa,-a,-ad,-alms=$(BUILD_DIR)/$(notdir $(<:.c=.lst)) $< -o $@

# Not a target:
Src/tim.c:
#  Implicit rule search has been done.
#  Last modified 2022-07-20 00:53:01
#  File has been updated.
#  Successfully updated.

Inc/oled.h:
#  Implicit rule search has been done.
#  Last modified 2022-04-23 10:50:28
#  File has been updated.
#  Successfully updated.

Drivers/STM32F1xx_HAL_Driver/Inc/stm32f1xx_hal_flash.h:
#  Implicit rule search has been done.
#  Last modified 2022-04-22 15:32:08
#  File has been updated.
#  Successfully updated.

Inc/gpio.h:
#  Implicit rule search has been done.
#  Last modified 2022-07-20 00:53:00
#  File has been updated.
#  Successfully updated.

# Not a target:
Src/usart.c:
#  Implicit rule search has been done.
#  Last modified 2022-07-20 00:53:01
#  File has been updated.
#  Successfully updated.

build/TEMPLETE.bin: build/TEMPLETE.elf | build
#  Implicit rule search has been done.
#  Implicit/static pattern stem: 'TEMPLETE'
#  Last modified 2022-07-20 01:30:07
#  File has been updated.
#  Successfully updated.
#  recipe to execute (from 'Makefile', line 185):
	$(BIN) $< $@	
	

build/stm32f1xx_hal_uart.o: Drivers/STM32F1xx_HAL_Driver/Src/stm32f1xx_hal_uart.c Makefile Drivers/STM32F1xx_HAL_Driver/Src/stm32f1xx_hal_uart.c Drivers/STM32F1xx_HAL_Driver/Inc/stm32f1xx_hal.h Inc/stm32f1xx_hal_conf.h Drivers/STM32F1xx_HAL_Driver/Inc/stm32f1xx_hal_rcc.h Drivers/STM32F1xx_HAL_Driver/Inc/stm32f1xx_hal_def.h Drivers/CMSIS/Device/ST/STM32F1xx/Include/stm32f1xx.h Drivers/CMSIS/Device/ST/STM32F1xx/Include/stm32f103xb.h Drivers/CMSIS/Include/core_cm3.h Drivers/CMSIS/Include/cmsis_version.h Drivers/CMSIS/Include/cmsis_compiler.h Drivers/CMSIS/Include/cmsis_gcc.h Drivers/CMSIS/Device/ST/STM32F1xx/Include/system_stm32f1xx.h Drivers/STM32F1xx_HAL_Driver/Inc/Legacy/stm32_hal_legacy.h Drivers/STM32F1xx_HAL_Driver/Inc/stm32f1xx_hal_rcc_ex.h Drivers/STM32F1xx_HAL_Driver/Inc/stm32f1xx_hal_gpio.h Drivers/STM32F1xx_HAL_Driver/Inc/stm32f1xx_hal_gpio_ex.h Drivers/STM32F1xx_HAL_Driver/Inc/stm32f1xx_hal_exti.h Drivers/STM32F1xx_HAL_Driver/Inc/stm32f1xx_hal_dma.h Drivers/STM32F1xx_HAL_Driver/Inc/stm32f1xx_hal_dma_ex.h Drivers/STM32F1xx_HAL_Driver/Inc/stm32f1xx_hal_cortex.h Drivers/STM32F1xx_HAL_Driver/Inc/stm32f1xx_hal_flash.h Drivers/STM32F1xx_HAL_Driver/Inc/stm32f1xx_hal_flash_ex.h Drivers/STM32F1xx_HAL_Driver/Inc/stm32f1xx_hal_i2c.h Drivers/STM32F1xx_HAL_Driver/Inc/stm32f1xx_hal_pwr.h Drivers/STM32F1xx_HAL_Driver/Inc/stm32f1xx_hal_tim.h Drivers/STM32F1xx_HAL_Driver/Inc/stm32f1xx_hal_tim_ex.h Drivers/STM32F1xx_HAL_Driver/Inc/stm32f1xx_hal_uart.h Drivers/STM32F1xx_HAL_Driver/Inc/stm32f1xx_hal_pcd.h Drivers/STM32F1xx_HAL_Driver/Inc/stm32f1xx_ll_usb.h Drivers/STM32F1xx_HAL_Driver/Inc/stm32f1xx_hal_pcd_ex.h | build
#  Implicit rule search has been done.
#  Implicit/static pattern stem: 'stm32f1xx_hal_uart'
#  Last modified 2022-07-20 01:28:48
#  File has been updated.
#  Successfully updated.
#  recipe to execute (from 'Makefile', line 172):
	$(CC) -c $(CFLAGS) -Wa,-a,-ad,-alms=$(BUILD_DIR)/$(notdir $(<:.c=.lst)) $< -o $@

Drivers/STM32F1xx_HAL_Driver/Inc/stm32f1xx_hal_dma.h:
#  Implicit rule search has been done.
#  Last modified 2022-04-22 15:32:08
#  File has been updated.
#  Successfully updated.

# Not a target:
build/stm32f1xx_hal_flash.d:
#  Implicit rule search has been done.
#  Last modified 2022-07-20 01:28:51
#  File has been updated.
#  Successfully updated.

Drivers/STM32F1xx_HAL_Driver/Inc/Legacy/stm32_hal_legacy.h:
#  Implicit rule search has been done.
#  Last modified 2022-04-22 15:32:08
#  File has been updated.
#  Successfully updated.

Drivers/STM32F1xx_HAL_Driver/Inc/stm32f1xx_hal_tim_ex.h:
#  Implicit rule search has been done.
#  Last modified 2022-04-22 15:32:08
#  File has been updated.
#  Successfully updated.

build/stm32f1xx_ll_usb.o: Drivers/STM32F1xx_HAL_Driver/Src/stm32f1xx_ll_usb.c Makefile Drivers/STM32F1xx_HAL_Driver/Src/stm32f1xx_ll_usb.c Drivers/STM32F1xx_HAL_Driver/Inc/stm32f1xx_hal.h Inc/stm32f1xx_hal_conf.h Drivers/STM32F1xx_HAL_Driver/Inc/stm32f1xx_hal_rcc.h Drivers/STM32F1xx_HAL_Driver/Inc/stm32f1xx_hal_def.h Drivers/CMSIS/Device/ST/STM32F1xx/Include/stm32f1xx.h Drivers/CMSIS/Device/ST/STM32F1xx/Include/stm32f103xb.h Drivers/CMSIS/Include/core_cm3.h Drivers/CMSIS/Include/cmsis_version.h Drivers/CMSIS/Include/cmsis_compiler.h Drivers/CMSIS/Include/cmsis_gcc.h Drivers/CMSIS/Device/ST/STM32F1xx/Include/system_stm32f1xx.h Drivers/STM32F1xx_HAL_Driver/Inc/Legacy/stm32_hal_legacy.h Drivers/STM32F1xx_HAL_Driver/Inc/stm32f1xx_hal_rcc_ex.h Drivers/STM32F1xx_HAL_Driver/Inc/stm32f1xx_hal_gpio.h Drivers/STM32F1xx_HAL_Driver/Inc/stm32f1xx_hal_gpio_ex.h Drivers/STM32F1xx_HAL_Driver/Inc/stm32f1xx_hal_exti.h Drivers/STM32F1xx_HAL_Driver/Inc/stm32f1xx_hal_dma.h Drivers/STM32F1xx_HAL_Driver/Inc/stm32f1xx_hal_dma_ex.h Drivers/STM32F1xx_HAL_Driver/Inc/stm32f1xx_hal_cortex.h Drivers/STM32F1xx_HAL_Driver/Inc/stm32f1xx_hal_flash.h Drivers/STM32F1xx_HAL_Driver/Inc/stm32f1xx_hal_flash_ex.h Drivers/STM32F1xx_HAL_Driver/Inc/stm32f1xx_hal_i2c.h Drivers/STM32F1xx_HAL_Driver/Inc/stm32f1xx_hal_pwr.h Drivers/STM32F1xx_HAL_Driver/Inc/stm32f1xx_hal_tim.h Drivers/STM32F1xx_HAL_Driver/Inc/stm32f1xx_hal_tim_ex.h Drivers/STM32F1xx_HAL_Driver/Inc/stm32f1xx_hal_uart.h Drivers/STM32F1xx_HAL_Driver/Inc/stm32f1xx_hal_pcd.h Drivers/STM32F1xx_HAL_Driver/Inc/stm32f1xx_ll_usb.h Drivers/STM32F1xx_HAL_Driver/Inc/stm32f1xx_hal_pcd_ex.h | build
#  Implicit rule search has been done.
#  Implicit/static pattern stem: 'stm32f1xx_ll_usb'
#  Last modified 2022-07-20 01:28:49
#  File has been updated.
#  Successfully updated.
#  recipe to execute (from 'Makefile', line 172):
	$(CC) -c $(CFLAGS) -Wa,-a,-ad,-alms=$(BUILD_DIR)/$(notdir $(<:.c=.lst)) $< -o $@

Drivers/STM32F1xx_HAL_Driver/Inc/stm32f1xx_hal_pcd_ex.h:
#  Implicit rule search has been done.
#  Last modified 2022-04-22 15:32:08
#  File has been updated.
#  Successfully updated.

# Not a target:
Src/usb.c:
#  Implicit rule search has been done.
#  Last modified 2022-07-20 00:53:01
#  File has been updated.
#  Successfully updated.

# Not a target:
build/stm32f1xx_hal_dma.d:
#  Implicit rule search has been done.
#  Last modified 2022-07-20 01:28:50
#  File has been updated.
#  Successfully updated.

# Not a target:
build/stm32f1xx_hal_tim_ex.d:
#  Implicit rule search has been done.
#  Last modified 2022-07-20 01:28:46
#  File has been updated.
#  Successfully updated.

# Not a target:
Drivers/STM32F1xx_HAL_Driver/Src/stm32f1xx_hal_dma.c:
#  Implicit rule search has been done.
#  Last modified 2022-04-22 15:32:08
#  File has been updated.
#  Successfully updated.

# Not a target:
build/stm32f1xx_hal_pcd_ex.d:
#  Implicit rule search has been done.
#  Last modified 2022-07-20 01:28:49
#  File has been updated.
#  Successfully updated.

# Not a target:
Drivers/STM32F1xx_HAL_Driver/Src/stm32f1xx_hal_tim_ex.c:
#  Implicit rule search has been done.
#  Last modified 2022-04-22 15:32:08
#  File has been updated.
#  Successfully updated.

# Not a target:
Drivers/STM32F1xx_HAL_Driver/Src/stm32f1xx_hal_pcd_ex.c:
#  Implicit rule search has been done.
#  Last modified 2022-04-22 15:32:08
#  File has been updated.
#  Successfully updated.

build/stm32f1xx_hal_tim.o: Drivers/STM32F1xx_HAL_Driver/Src/stm32f1xx_hal_tim.c Makefile Drivers/STM32F1xx_HAL_Driver/Src/stm32f1xx_hal_tim.c Drivers/STM32F1xx_HAL_Driver/Inc/stm32f1xx_hal.h Inc/stm32f1xx_hal_conf.h Drivers/STM32F1xx_HAL_Driver/Inc/stm32f1xx_hal_rcc.h Drivers/STM32F1xx_HAL_Driver/Inc/stm32f1xx_hal_def.h Drivers/CMSIS/Device/ST/STM32F1xx/Include/stm32f1xx.h Drivers/CMSIS/Device/ST/STM32F1xx/Include/stm32f103xb.h Drivers/CMSIS/Include/core_cm3.h Drivers/CMSIS/Include/cmsis_version.h Drivers/CMSIS/Include/cmsis_compiler.h Drivers/CMSIS/Include/cmsis_gcc.h Drivers/CMSIS/Device/ST/STM32F1xx/Include/system_stm32f1xx.h Drivers/STM32F1xx_HAL_Driver/Inc/Legacy/stm32_hal_legacy.h Drivers/STM32F1xx_HAL_Driver/Inc/stm32f1xx_hal_rcc_ex.h Drivers/STM32F1xx_HAL_Driver/Inc/stm32f1xx_hal_gpio.h Drivers/STM32F1xx_HAL_Driver/Inc/stm32f1xx_hal_gpio_ex.h Drivers/STM32F1xx_HAL_Driver/Inc/stm32f1xx_hal_exti.h Drivers/STM32F1xx_HAL_Driver/Inc/stm32f1xx_hal_dma.h Drivers/STM32F1xx_HAL_Driver/Inc/stm32f1xx_hal_dma_ex.h Drivers/STM32F1xx_HAL_Driver/Inc/stm32f1xx_hal_cortex.h Drivers/STM32F1xx_HAL_Driver/Inc/stm32f1xx_hal_flash.h Drivers/STM32F1xx_HAL_Driver/Inc/stm32f1xx_hal_flash_ex.h Drivers/STM32F1xx_HAL_Driver/Inc/stm32f1xx_hal_i2c.h Drivers/STM32F1xx_HAL_Driver/Inc/stm32f1xx_hal_pwr.h Drivers/STM32F1xx_HAL_Driver/Inc/stm32f1xx_hal_tim.h Driver 
s/STM32F1xx_HAL_Driver/Inc/stm32f1xx_hal_tim_ex.h Drivers/STM32F1xx_HAL_Driver/Inc/stm32f1xx_hal_uart.h Drivers/STM32F1xx_HAL_Driver/Inc/stm32f1xx_hal_pcd.h Drivers/STM32F1xx_HAL_Driver/Inc/stm32f1xx_ll_usb.h Drivers/STM32F1xx_HAL_Driver/Inc/stm32f1xx_hal_pcd_ex.h | build
#  Implicit rule search has been done.
#  Implicit/static pattern stem: 'stm32f1xx_hal_tim'
#  Last modified 2022-07-20 01:28:46
#  File has been updated.
#  Successfully updated.
#  recipe to execute (from 'Makefile', line 172):
	$(CC) -c $(CFLAGS) -Wa,-a,-ad,-alms=$(BUILD_DIR)/$(notdir $(<:.c=.lst)) $< -o $@

# Not a target:
.DEFAULT:
#  Implicit rule search has not been done.
#  Modification time never checked.
#  File has not been updated.

Drivers/STM32F1xx_HAL_Driver/Inc/stm32f1xx_hal_cortex.h:
#  Implicit rule search has been done.
#  Last modified 2022-04-22 15:32:08
#  File has been updated.
#  Successfully updated.

# Not a target:
Src/stm32f1xx_it.c:
#  Implicit rule search has been done.
#  Last modified 2022-07-20 00:53:02
#  File has been updated.
#  Successfully updated.

build/stm32f1xx_hal_pcd.o: Drivers/STM32F1xx_HAL_Driver/Src/stm32f1xx_hal_pcd.c Makefile Drivers/STM32F1xx_HAL_Driver/Src/stm32f1xx_hal_pcd.c Drivers/STM32F1xx_HAL_Driver/Inc/stm32f1xx_hal.h Inc/stm32f1xx_hal_conf.h Drivers/STM32F1xx_HAL_Driver/Inc/stm32f1xx_hal_rcc.h Drivers/STM32F1xx_HAL_Driver/Inc/stm32f1xx_hal_def.h Drivers/CMSIS/Device/ST/STM32F1xx/Include/stm32f1xx.h Drivers/CMSIS/Device/ST/STM32F1xx/Include/stm32f103xb.h Drivers/CMSIS/Include/core_cm3.h Drivers/CMSIS/Include/cmsis_version.h Drivers/CMSIS/Include/cmsis_compiler.h Drivers/CMSIS/Include/cmsis_gcc.h Drivers/CMSIS/Device/ST/STM32F1xx/Include/system_stm32f1xx.h Drivers/STM32F1xx_HAL_Driver/Inc/Legacy/stm32_hal_legacy.h Drivers/STM32F1xx_HAL_Driver/Inc/stm32f1xx_hal_rcc_ex.h Drivers/STM32F1xx_HAL_Driver/Inc/stm32f1xx_hal_gpio.h Drivers/STM32F1xx_HAL_Driver/Inc/stm32f1xx_hal_gpio_ex.h Drivers/STM32F1xx_HAL_Driver/Inc/stm32f1xx_hal_exti.h Drivers/STM32F1xx_HAL_Driver/Inc/stm32f1xx_hal_dma.h Drivers/STM32F1xx_HAL_Driver/Inc/stm32f1xx_hal_dma_ex.h Drivers/STM32F1xx_HAL_Driver/Inc/stm32f1xx_hal_cortex.h Drivers/STM32F1xx_HAL_Driver/Inc/stm32f1xx_hal_flash.h Drivers/STM32F1xx_HAL_Driver/Inc/stm32f1xx_hal_flash_ex.h Drivers/STM32F1xx_HAL_Driver/Inc/stm32f1xx_hal_i2c.h Drivers/STM32F1xx_HAL_Driver/Inc/stm32f1xx_hal_pwr.h Drivers/STM32F1xx_HAL_Driver/Inc/stm32f1xx_hal_tim.h Drivers/STM32F1xx_HAL_Driver/Inc/stm32f1xx_hal_tim_ex.h Drivers/STM32F1xx_HAL_Driver/Inc/stm32f1xx_hal_uart.h Drivers/STM32F1xx_HAL_Driver/Inc/stm32f1xx_hal_pcd.h Drivers/STM32F1xx_HAL_Driver/Inc/stm32f1xx_ll_usb.h Drivers/STM32F1xx_HAL_Driver/Inc/stm32f1xx_hal_pcd_ex.h | build
#  Implicit rule search has been done.
#  Implicit/static pattern stem: 'stm32f1xx_hal_pcd'
#  Last modified 2022-07-20 01:28:49
#  File has been updated.
#  Successfully updated.
#  recipe to execute (from 'Makefile', line 172):
	$(CC) -c $(CFLAGS) -Wa,-a,-ad,-alms=$(BUILD_DIR)/$(notdir $(<:.c=.lst)) $< -o $@

# Not a target:
Src/oled.c:
#  Implicit rule search has been done.
#  Last modified 2022-04-23 10:51:58
#  File has been updated.
#  Successfully updated.

reset:
#  Implicit rule search has not been done.
#  Modification time never checked.
#  File has not been updated.
#  recipe to execute (from 'Makefile', line 207):
	openocd -f openocd.cfg -c init -c halt -c reset -c shutdown 

Drivers/STM32F1xx_HAL_Driver/Inc/stm32f1xx_hal_flash_ex.h:
#  Implicit rule search has been done.
#  Last modified 2022-04-22 15:32:08
#  File has been updated.
#  Successfully updated.

Drivers/CMSIS/Device/ST/STM32F1xx/Include/stm32f1xx.h:
#  Implicit rule search has been done.
#  Last modified 2022-04-22 15:32:08
#  File has been updated.
#  Successfully updated.

# Not a target:
Src/gpio.c:
#  Implicit rule search has been done.
#  Last modified 2022-07-20 00:53:00
#  File has been updated.
#  Successfully updated.

build/stm32f1xx_hal_pwr.o: Drivers/STM32F1xx_HAL_Driver/Src/stm32f1xx_hal_pwr.c Makefile Drivers/STM32F1xx_HAL_Driver/Src/stm32f1xx_hal_pwr.c Drivers/STM32F1xx_HAL_Driver/Inc/stm32f1xx_hal.h Inc/stm32f1xx_hal_conf.h Drivers/STM32F1xx_HAL_Driver/Inc/stm32f1xx_hal_rcc.h Drivers/STM32F1xx_HAL_Driver/Inc/stm32f1xx_hal_def.h Drivers/CMSIS/Device/ST/STM32F1xx/Include/stm32f1xx.h Drivers/CMSIS/Device/ST/STM32F1xx/Include/stm32f103xb.h Drivers/CMSIS/Include/core_cm3.h Drivers/CMSIS/Include/cmsis_version.h Drivers/CMSIS/Include/cmsis_compiler.h Drivers/CMSIS/Include/cmsis_gcc.h Drivers/CMSIS/Device/ST/STM32F1xx/Include/system_stm32f1xx.h Drivers/STM32F1xx_HAL_Driver/Inc/Legacy/stm32_hal_legacy.h Drivers/STM32F1xx_HAL_Driver/Inc/stm32f1xx_hal_rcc_ex.h Drivers/STM32F1xx_HAL_Driver/Inc/stm32f1xx_hal_gpio.h Drivers/STM32F1xx_HAL_Driver/Inc/stm32f1xx_hal_gpio_ex.h Drivers/STM32F1xx_HAL_Driver/Inc/stm32f1xx_hal_exti.h Drivers/STM32F1xx_HAL_Driver/Inc/stm32f1xx_hal_dma.h Drivers/STM32F1xx_HAL_Driver/Inc/stm32f1xx_hal_dma_ex.h Drivers/STM32F1xx_HAL_Driver/Inc/stm32f1xx_hal_cortex.h Drivers/STM32F1xx_HAL_Driver/Inc/stm32f1xx_hal_flash.h Drivers/STM32F1xx_HAL_Driver/Inc/stm32f1xx_hal_flash_ex.h Drivers/STM32F1xx_HAL_Driver/Inc/stm32f1xx_hal_i2c.h Drivers/STM32F1xx_HAL_Driver/Inc/stm32f1xx_hal_pwr.h Drivers/STM32F1xx_HAL_Driver/Inc/stm32f1xx_hal_tim.h Drivers/STM32F1xx_HAL_Driver/Inc/stm32f1xx_hal_tim_ex.h Drivers/STM32F1xx_HAL_Driver/Inc/stm32f1xx_hal_uart.h Drivers/STM32F1xx_HAL_Driver/Inc/stm32f1xx_hal_pcd.h Drivers/STM32F1xx_HAL_Driver/Inc/stm32f1xx_ll_usb.h Drivers/STM32F1xx_HAL_Driver/Inc/stm32f1xx_hal_pcd_ex.h | build
#  Implicit rule search has been done.
#  Implicit/static pattern stem: 'stm32f1xx_hal_pwr'
#  Last modified 2022-07-20 01:28:51
#  File has been updated.
#  Successfully updated.
#  recipe to execute (from 'Makefile', line 172):
	$(CC) -c $(CFLAGS) -Wa,-a,-ad,-alms=$(BUILD_DIR)/$(notdir $(<:.c=.lst)) $< -o $@

build/i2c.o: Src/i2c.c Makefile Src/i2c.c Inc/i2c.h Inc/main.h Drivers/STM32F1xx_HAL_Driver/Inc/stm32f1xx_hal.h Inc/stm32f1xx_hal_conf.h Drivers/STM32F1xx_HAL_Driver/Inc/stm32f1xx_hal_rcc.h Drivers/STM32F1xx_HAL_Driver/Inc/stm32f1xx_hal_def.h Drivers/CMSIS/Device/ST/STM32F1xx/Include/stm32f1xx.h Drivers/CMSIS/Device/ST/STM32F1xx/Include/stm32f103xb.h Drivers/CMSIS/Include/core_cm3.h Drivers/CMSIS/Include/cmsis_version.h Drivers/CMSIS/Include/cmsis_compiler.h Drivers/CMSIS/Include/cmsis_gcc.h Drivers/CMSIS/Device/ST/STM32F1xx/Include/system_stm32f1xx.h Drivers/STM32F1xx_HAL_Driver/Inc/Legacy/stm32_hal_legacy.h Drivers/STM32F1xx_HAL_Driver/Inc/stm32f1xx_hal_rcc_ex.h Drivers/STM32F1xx_HAL_Driver/Inc/stm32f1xx_hal_gpio.h Drivers/STM32F1xx_HAL_Driver/Inc/stm32f1xx_hal_gpio_ex.h Drivers/STM32F1xx_HAL_Driver/Inc/stm32f1xx_hal_exti.h Drivers/STM32F1xx_HAL_Driver/Inc/stm32f1xx_hal_dma.h Drivers/STM32F1xx_HAL_Driver/Inc/stm32f1xx_hal_dma_ex.h Drivers/STM32F1xx_HAL_Driver/Inc/stm32f1xx_hal_cortex.h Drivers/STM32F1xx_HAL_Driver/Inc/stm32f1xx_hal_flash.h Drivers/STM32F1xx_HAL_Driver/Inc/stm32f1xx_hal_flash_ex.h Drivers/STM32F1xx_HAL_Driver/Inc/stm32f1xx_hal_i2c.h Drivers/STM32F1xx_HAL_Driver/Inc/stm32f1xx_hal_pwr.h Drivers/STM32F1xx_HAL_Driver/Inc/stm32f1xx_hal_tim.h Drivers/STM32F1xx_HAL_Driver/Inc/stm32f1xx_hal_tim_ex.h Drivers/STM32F1xx_HAL_Driver/Inc/stm32f1xx_hal_uart.h Drivers/STM32F1xx_HAL_Driver/Inc/stm32f1xx_hal_pcd.h Drivers/STM32F1xx_HAL_Driver/Inc/stm32f1xx_ll_usb.h Drivers/STM32F1xx_HAL_Driver/Inc/stm32f1xx_hal_pcd_ex.h | build
#  Implicit rule search has been done.
#  Implicit/static pattern stem: 'i2c'
#  Last modified 2022-07-20 01:28:33
#  File has been updated.
#  Successfully updated.
#  recipe to execute (from 'Makefile', line 172):
	$(CC) -c $(CFLAGS) -Wa,-a,-ad,-alms=$(BUILD_DIR)/$(notdir $(<:.c=.lst)) $< -o $@

# Not a target:
build/stm32f1xx_hal_pcd.d:
#  Implicit rule search has been done.
#  Last modified 2022-07-20 01:28:49
#  File has been updated.
#  Successfully updated.

# Not a target:
Drivers/STM32F1xx_HAL_Driver/Src/stm32f1xx_hal_cortex.c:
#  Implicit rule search has been done.
#  Last modified 2022-04-22 15:32:08
#  File has been updated.
#  Successfully updated.

build/system_stm32f1xx.o: Src/system_stm32f1xx.c Makefile Src/system_stm32f1xx.c Drivers/CMSIS/Device/ST/STM32F1xx/Include/stm32f1xx.h Drivers/CMSIS/Device/ST/STM32F1xx/Include/stm32f103xb.h Drivers/CMSIS/Include/core_cm3.h Drivers/CMSIS/Include/cmsis_version.h Drivers/CMSIS/Include/cmsis_compiler.h Drivers/CMSIS/Include/cmsis_gcc.h Drivers/CMSIS/Device/ST/STM32F1xx/Include/system_stm32f1xx.h Drivers/STM32F1xx_HAL_Driver/Inc/stm32f1xx_hal.h Inc/stm32f1xx_hal_conf.h Drivers/STM32F1xx_HAL_Driver/Inc/stm32f1xx_hal_rcc.h Drivers/STM32F1xx_HAL_Driver/Inc/stm32f1xx_hal_def.h Drivers/STM32F1xx_HAL_Driver/Inc/Legacy/stm32_hal_legacy.h Drivers/STM32F1xx_HAL_Driver/Inc/stm32f1xx_hal_rcc_ex.h Drivers/STM32F1xx_HAL_Driver/Inc/stm32f1xx_hal_gpio.h Drivers/STM32F1xx_HAL_Driver/Inc/stm32f1xx_hal_gpio_ex.h Drivers/STM32F1xx_HAL_Driver/Inc/stm32f1xx_hal_exti.h Drivers/STM32F1xx_HAL_Driver/Inc/stm32f1xx_hal_dma.h Drivers/STM32F1xx_HAL_Driver/Inc/stm32f1xx_hal_dma_ex.h Drivers/STM32F1xx_HAL_Driver/Inc/stm32f1xx_hal_cortex.h Drivers/STM32F1xx_HAL_Driver/Inc/stm32f1xx_hal_flash.h Drivers/STM32F1xx_HAL_Driver/Inc/stm32f1xx_hal_flash_ex.h Drivers/STM32F1xx_HAL_Driver/Inc/stm32f1xx_hal_i2c.h Drivers/STM32F1xx_HAL_Driver/Inc/stm32f1xx_hal_pwr.h Drivers/STM32F1xx_HAL_Driver/Inc/stm32f1xx_hal_tim.h Drivers/STM32F1xx_HAL_Driver/Inc/stm32f1xx_hal_tim_ex.h Drivers/STM32F1xx_HAL_Driver/Inc/stm32f1xx_hal_uart.h Drivers/STM32F1xx_HAL_Driver/Inc/stm32f1xx_hal_pcd.h Drivers/STM32F1xx_HAL_Driver/Inc/stm32f1xx_ll_usb.h Drivers/STM32F1xx_HAL_Driver/Inc/stm32f1xx_hal_pcd_ex.h | build
#  Implicit rule search has been done.
#  Implicit/static pattern stem: 'system_stm32f1xx'
#  Last modified 2022-07-20 01:28:52
#  File has been updated.
#  Successfully updated.
#  recipe to execute (from 'Makefile', line 172):
	$(CC) -c $(CFLAGS) -Wa,-a,-ad,-alms=$(BUILD_DIR)/$(notdir $(<:.c=.lst)) $< -o $@

Drivers/STM32F1xx_HAL_Driver/Inc/stm32f1xx_hal_dma_ex.h:
#  Implicit rule search has been done.
#  Last modified 2022-04-22 15:32:08
#  File has been updated.
#  Successfully updated.

# Not a target:
build/stm32f1xx_hal_flash_ex.d:
#  Implicit rule search has been done.
#  Last modified 2022-07-20 01:28:51
#  File has been updated.
#  Successfully updated.

Drivers/STM32F1xx_HAL_Driver/Inc/stm32f1xx_hal_def.h:
#  Implicit rule search has been done.
#  Last modified 2022-04-22 15:32:08
#  File has been updated.
#  Successfully updated.

# Not a target:
Drivers/STM32F1xx_HAL_Driver/Src/stm32f1xx_hal_flash_ex.c:
#  Implicit rule search has been done.
#  Last modified 2022-04-22 15:32:08
#  File has been updated.
#  Successfully updated.

Drivers/STM32F1xx_HAL_Driver/Inc/stm32f1xx_hal_gpio.h:
#  Implicit rule search has been done.
#  Last modified 2022-04-22 15:32:08
#  File has been updated.
#  Successfully updated.

build/stm32f1xx_hal_flash.o: Drivers/STM32F1xx_HAL_Driver/Src/stm32f1xx_hal_flash.c Makefile Drivers/STM32F1xx_HAL_Driver/Src/stm32f1xx_hal_flash.c Drivers/STM32F1xx_HAL_Driver/Inc/stm32f1xx_hal.h Inc/stm32f1xx_hal_conf.h Drivers/STM32F1xx_HAL_Driver/Inc/stm32f1xx_hal_rcc.h Drivers/STM32F1xx_HAL_Driver/Inc/stm32f1xx_hal_def.h Drivers/CMSIS/Device/ST/STM32F1xx/Include/stm32f1xx.h Drivers/CMSIS/Device/ST/STM32F1xx/Include/stm32f103xb.h Drivers/CMSIS/Include/core_cm3.h Drivers/CMSIS/Include/cmsis_version.h Drivers/CMSIS/Include/cmsis_compiler.h Drivers/CMSIS/Include/cmsis_gcc.h Drivers/CMSIS/Device/ST/STM32F1xx/Include/system_stm32f1xx.h Drivers/STM32F1xx_HAL_Driver/Inc/Legacy/stm32_hal_legacy.h Drivers/STM32F1xx_HAL_Driver/Inc/stm32f1xx_hal_rcc_ex.h Drivers/STM32F1xx_HAL_Driver/Inc/stm32f1xx_hal_gpio.h Drivers/STM32F1xx_HAL_Driver/Inc/stm32f1xx_hal_gpio_ex.h Drivers/STM32F1xx_HAL_Driver/Inc/stm32f1xx_hal_exti.h Drivers/STM32F1xx_HAL_Driver/Inc/stm32f1xx_hal_dma.h Drivers/STM32F1xx_HAL_Driver/Inc/stm32f1xx_hal_dma_ex.h Drivers/STM32F1xx_HAL_Driver/Inc/stm32f1xx_hal_cortex.h Drivers/STM32F1xx_HAL_Driver/Inc/stm32f1xx_hal_flash.h Drivers/STM32F1xx_HAL_Driver/Inc/stm32f1xx_hal_flash_ex.h Drivers/STM32F1xx_HAL_Driver/Inc/stm32f1xx_hal_i2c.h Drivers/STM32F1xx_HAL_Driver/Inc/stm32f1xx_hal_pwr.h Drivers/STM32F1xx_HAL_Driver/Inc/stm32f1xx_hal_tim.h Drivers/STM32F1xx_HAL_Driver/Inc/stm32f1xx_hal_tim_ex.h Drivers/STM32F1xx_HAL_Driver/Inc/stm32f1xx_hal_uart.h Drivers/STM32F1xx_HAL_Driver/Inc/stm32f1xx_hal_pcd.h Drivers/STM32F1xx_HAL_Driver/Inc/stm32f1xx_ll_usb.h Drivers/STM32F1xx_HAL_Driver/Inc/stm32f1xx_hal_pcd_ex.h | build
#  Implicit rule search has been done.
#  Implicit/static pattern stem: 'stm32f1xx_hal_flash'
#  Last modified 2022-07-20 01:28:51
#  File has been updated.
#  Successfully updated.
#  recipe to execute (from 'Makefile', line 172):
	$(CC) -c $(CFLAGS) -Wa,-a,-ad,-alms=$(BUILD_DIR)/$(notdir $(<:.c=.lst)) $< -o $@

Inc/i2c.h:
#  Implicit rule search has been done.
#  Last modified 2022-07-20 00:53:01
#  File has been updated.
#  Successfully updated.

Drivers/STM32F1xx_HAL_Driver/Inc/stm32f1xx_hal.h:
#  Implicit rule search has been done.
#  Last modified 2022-04-22 15:32:08
#  File has been updated.
#  Successfully updated.

# Not a target:
build/oled.d:
#  Implicit rule search has been done.
#  Last modified 2022-07-20 01:28:34
#  File has been updated.
#  Successfully updated.

# Not a target:
build/stm32f1xx_hal_cortex.d:
#  Implicit rule search has been done.
#  Last modified 2022-07-20 01:28:51
#  File has been updated.
#  Successfully updated.

# Not a target:
build/main.d:
#  Implicit rule search has been done.
#  Last modified 2022-07-20 01:30:07
#  File has been updated.
#  Successfully updated.

# Not a target:
build/stm32f1xx_hal_gpio.d:
#  Implicit rule search has been done.
#  Last modified 2022-07-20 01:28:50
#  File has been updated.
#  Successfully updated.

# Not a target:
build/usart.d:
#  Implicit rule search has been done.
#  Last modified 2022-07-20 01:28:33
#  File has been updated.
#  Successfully updated.

# Not a target:
build/tim.d:
#  Implicit rule search has been done.
#  Last modified 2022-07-20 01:28:33
#  File has been updated.
#  Successfully updated.

build/stm32f1xx_hal_dma.o: Drivers/STM32F1xx_HAL_Driver/Src/stm32f1xx_hal_dma.c Makefile Drivers/STM32F1xx_HAL_Driver/Src/stm32f1xx_hal_dma.c Drivers/STM32F1xx_HAL_Driver/Inc/stm32f1xx_hal.h Inc/stm32f1xx_hal_conf.h Drivers/STM32F1xx_HAL_Driver/Inc/stm32f1xx_hal_rcc.h Drivers/STM32F1xx_HAL_Driver/Inc/stm32f1xx_hal_def.h Drivers/CMSIS/Device/ST/STM32F1xx/Include/stm32f1xx.h Drivers/CMSIS/Device/ST/STM32F1xx/Include/stm32f103xb.h Drivers/CMSIS/Include/core_cm3.h Drivers/CMSIS/Include/cmsis_version.h Drivers/CMSIS/Include/cmsis_compiler.h Drivers/CMSIS/Include/cmsis_gcc.h Drivers/CMSIS/Device/ST/STM32F1xx/Include/system_stm32f1xx.h Drivers/STM32F1xx_HAL_Driver/Inc/Legacy/stm32_hal_legacy.h Drivers/STM32F1xx_HAL_Driver/Inc/stm32f1xx_hal_rcc_ex.h Drivers/STM32F1xx_HAL_Driver/Inc/stm32f1xx_hal_gpio.h Drivers/STM32F1xx_HAL_Driver/Inc/stm32f1xx_hal_gpio_ex.h Drivers/STM32F1xx_HAL_Driver/Inc/stm32f1xx_hal_exti.h Drivers/STM32F1xx_HAL_Driver/Inc/stm32f1xx_hal_dma.h Drivers/STM32F1xx_HAL_Driver/Inc/stm32f1xx_hal_dma_ex.h Drivers/STM32F1xx_HAL_Driver/Inc/stm32f1xx_hal_cortex.h Drivers/STM32F1xx_HAL_Driver/Inc/stm32f1xx_hal_flash.h Drivers/STM32F1xx_HAL_Driver/Inc/stm32f1xx_hal_flash_ex.h Drivers/STM32F1xx_HAL_Driver/Inc/stm32f1xx_hal_i2c.h Drivers/STM32F1xx_HAL_Driver/Inc/stm32f1xx_hal_pwr.h Drivers/STM32F1xx_HAL_Driver/Inc/stm32f1xx_hal_tim.h Drivers/STM32F1xx_HAL_Driver/Inc/stm32f1xx_hal_tim_ex.h Drivers/STM32F1xx_HAL_Driver/Inc/stm32f1xx_hal_uart.h Drivers/STM32F1xx_HAL_Driver/Inc/stm32f1xx_hal_pcd.h Drivers/STM32F1xx_HAL_Driver/Inc/stm32f1xx_ll_usb.h Drivers/STM32F1xx_HAL_Driver/Inc/stm32f1xx_hal_pcd_ex.h | build
#  Implicit rule search has been done.
#  Implicit/static pattern stem: 'stm32f1xx_hal_dma'
#  Last modified 2022-07-20 01:28:51
#  File has been updated.
#  Successfully updated.
#  recipe to execute (from 'Makefile', line 172):
	$(CC) -c $(CFLAGS) -Wa,-a,-ad,-alms=$(BUILD_DIR)/$(notdir $(<:.c=.lst)) $< -o $@

Drivers/STM32F1xx_HAL_Driver/Inc/stm32f1xx_hal_rcc.h:
#  Implicit rule search has been done.
#  Last modified 2022-04-22 15:32:08
#  File has been updated.
#  Successfully updated.

build/stm32f1xx_hal_tim_ex.o: Drivers/STM32F1xx_HAL_Driver/Src/stm32f1xx_hal_tim_ex.c Makefile Drivers/STM32F1xx_HAL_Driver/Src/stm32f1xx_hal_tim_ex.c Drivers/STM32F1xx_HAL_Driver/Inc/stm32f1xx_hal.h Inc/stm32f1xx_hal_conf.h Drivers/STM32F1xx_HAL_Driver/Inc/stm32f1xx_hal_rcc.h Drivers/STM32F1xx_HAL_Driver/Inc/stm32f1xx_hal_def.h Drivers/CMSIS/Device/ST/STM32F1xx/Include/stm32f1xx.h Drivers/CMSIS/Device/ST/STM32F1xx/Include/stm32f103xb.h Drivers/CMSIS/Include/core_cm3.h Drivers/CMSIS/Include/cmsis_version.h Drivers/CMSIS/Include/cmsis_compiler.h Drivers/CMSIS/Include/cmsis_gcc.h Drivers/CMSIS/Device/ST/STM32F1xx/Include/system_stm32f1xx.h Drivers/STM32F1xx_HAL_Driver/Inc/Legacy/stm32_hal_legacy.h Drivers/STM32F1xx_HAL_Driver/Inc/stm32f1xx_hal_rcc_ex.h Drivers/STM32F1xx_HAL_Driver/Inc/stm32f1xx_hal_gpio.h Drivers/STM32F1xx_HAL_Driver/Inc/stm32f1xx_hal_gpio_ex.h Drivers/STM32F1xx_HAL_Driver/Inc/stm32f1xx_hal_exti.h Drivers/STM32F1xx_HAL_Driver/Inc/stm32f1xx_hal_dma.h Drivers/STM32F1xx_HAL_Driver/Inc/stm32f1xx_hal_dma_ex.h Drivers/STM32F1xx_HAL_Driver/Inc/stm32f1xx_hal_cortex.h Drivers/STM32F1xx_HAL_Driver/Inc/stm32f1xx_hal_flash.h Drivers/STM32F1xx_HAL_Driver/Inc/stm32f1xx_hal_flash_ex.h Drivers/STM32F1xx_HAL_Driver/Inc/stm32f1xx_hal_i2c.h Drivers/STM32F1xx_HAL_Driver/Inc/stm32f1xx_hal_pwr.h Drivers/STM32F1xx_HAL_Driver/Inc/stm32f1xx_hal_tim.h Drivers/STM32F1xx_HAL_Driver/Inc/stm32f1xx_hal_tim_ex.h Drivers/STM32F1xx_HAL_Driver/Inc/stm32f1xx_hal_uart.h Drivers/STM32F1xx_HAL_Driver/Inc/stm32f1xx_hal_pcd.h Drivers/STM32F1xx_HAL_Driver/Inc/stm32f1xx_ll_usb.h Drivers/STM32F1xx_HAL_Driver/Inc/stm32f1xx_hal_pcd_ex.h | build
#  Implicit rule search has been done.
#  Implicit/static pattern stem: 'stm32f1xx_hal_tim_ex'
#  Last modified 2022-07-20 01:28:47
#  File has been updated.
#  Successfully updated.
#  recipe to execute (from 'Makefile', line 172):
	$(CC) -c $(CFLAGS) -Wa,-a,-ad,-alms=$(BUILD_DIR)/$(notdir $(<:.c=.lst)) $< -o $@

# Not a target:
build/stm32f1xx_hal.d:
#  Implicit rule search has been done.
#  Last modified 2022-07-20 01:28:49
#  File has been updated.
#  Successfully updated.

# Not a target:
Drivers/STM32F1xx_HAL_Driver/Src/stm32f1xx_hal_gpio.c:
#  Implicit rule search has been done.
#  Last modified 2022-04-22 15:32:08
#  File has been updated.
#  Successfully updated.

Inc/stm32f1xx_hal_conf.h:
#  Implicit rule search has been done.
#  Last modified 2022-07-20 00:53:02
#  File has been updated.
#  Successfully updated.

build/stm32f1xx_hal_pcd_ex.o: Drivers/STM32F1xx_HAL_Driver/Src/stm32f1xx_hal_pcd_ex.c Makefile Drivers/STM32F1xx_HAL_Driver/Src/stm32f1xx_hal_pcd_ex.c Drivers/STM32F1xx_HAL_Driver/Inc/stm32f1xx_hal.h Inc/stm32f1xx_hal_conf.h Drivers/STM32F1xx_HAL_Driver/Inc/stm32f1xx_hal_rcc.h Drivers/STM32F1xx_HAL_Driver/Inc/stm32f1xx_hal_def.h Drivers/CMSIS/Device/ST/STM32F1xx/Include/stm32f1xx.h Drivers/CMSIS/Device/ST/STM32F1xx/Include/stm32f103xb.h Drivers/CMSIS/Include/core_cm3.h Drivers/CMSIS/Include/cmsis_version.h Drivers/CMSIS/Include/cmsis_compiler.h Drivers/CMSIS/Include/cmsis_gcc.h Drivers/CMSIS/Device/ST/STM32F1xx/Include/system_stm32f1xx.h Drivers/STM32F1xx_HAL_Driver/Inc/Legacy/stm32_hal_legacy.h Drivers/STM32F1xx_HAL_Driver/Inc/stm32f1xx_hal_rcc_ex.h Drivers/STM32F1xx_HAL_Driver/Inc/stm32f1xx_hal_gpio.h Drivers/STM32F1xx_HAL_Driver/Inc/stm32f1xx_hal_gpio_ex.h Drivers/STM32F1xx_HAL_Driver/Inc/stm32f1xx_hal_exti.h Drivers/STM32F1xx_HAL_Driver/Inc/stm32f1xx_hal_dma.h Drivers/STM32F1xx_HAL_Driver/Inc/stm32f1xx_hal_dma_ex.h Drivers/STM32F1xx_HAL_Driver/Inc/stm32f1xx_hal_cortex.h Drivers/STM32F1xx_HAL_Driver/Inc/stm32f1xx_hal_flash.h Drivers/STM32F1xx_HAL_Driver/Inc/stm32f1xx_hal_flash_ex.h Drivers/STM32F1xx_HAL_Driver/Inc/stm32f1xx_hal_i2c.h Drivers/STM32F1xx_HAL_Driver/Inc/stm32f1xx_hal_pwr.h Drivers/STM32F1xx_HAL_Driver/Inc/stm32f1xx_hal_tim.h Drivers/STM32F1xx_HAL_Driver/Inc/stm32f1xx_hal_tim_ex.h Drivers/STM32F1xx_HAL_Driver/Inc/stm32f1xx_hal_uart.h Drivers/STM32F1xx_HAL_Driver/Inc/stm32f1xx_hal_pcd.h Drivers/STM32F1xx_HAL_Driver/Inc/stm32f1xx_ll_usb.h Drivers/STM32F1xx_HAL_Driver/Inc/stm32f1xx_hal_pcd_ex.h | build
#  Implicit rule search has been done.
#  Implicit/static pattern stem: 'stm32f1xx_hal_pcd_ex'
#  Last modified 2022-07-20 01:28:49
#  File has been updated.
#  Successfully updated.
#  recipe to execute (from 'Makefile', line 172):
	$(CC) -c $(CFLAGS) -Wa,-a,-ad,-alms=$(BUILD_DIR)/$(notdir $(<:.c=.lst)) $< -o $@

# Not a target:
Drivers/STM32F1xx_HAL_Driver/Src/stm32f1xx_hal.c:
#  Implicit rule search has been done.
#  Last modified 2022-04-22 15:32:08
#  File has been updated.
#  Successfully updated.

# Not a target:
build/stm32f1xx_hal_rcc.d:
#  Implicit rule search has been done.
#  Last modified 2022-07-20 01:28:50
#  File has been updated.
#  Successfully updated.

Drivers/STM32F1xx_HAL_Driver/Inc/stm32f1xx_hal_exti.h:
#  Implicit rule search has been done.
#  Last modified 2022-04-22 15:32:08
#  File has been updated.
#  Successfully updated.

# Not a target:
Drivers/STM32F1xx_HAL_Driver/Src/stm32f1xx_hal_rcc.c:
#  Implicit rule search has been done.
#  Last modified 2022-04-22 15:32:08
#  File has been updated.
#  Successfully updated.

build/TEMPLETE.hex: build/TEMPLETE.elf | build
#  Implicit rule search has been done.
#  Implicit/static pattern stem: 'TEMPLETE'
#  Last modified 2022-07-20 01:30:07
#  File has been updated.
#  Successfully updated.
#  recipe to execute (from 'Makefile', line 182):
	$(HEX) $< $@
	

# Not a target:
build/usb.d:
#  Implicit rule search has been done.
#  Last modified 2022-07-20 01:28:34
#  File has been updated.
#  Successfully updated.

# Not a target:
build/stm32f1xx_hal_exti.d:
#  Implicit rule search has been done.
#  Last modified 2022-07-20 01:28:52
#  File has been updated.
#  Successfully updated.

# Not a target:
build/startup_stm32f103xb.d:
#  Implicit rule search has been done.
#  Last modified 2022-07-20 01:28:52
#  File has been updated.
#  Successfully updated.

build/stm32f1xx_hal_cortex.o: Drivers/STM32F1xx_HAL_Driver/Src/stm32f1xx_hal_cortex.c Makefile Drivers/STM32F1xx_HAL_Driver/Src/stm32f1xx_hal_cortex.c Drivers/STM32F1xx_HAL_Driver/Inc/stm32f1xx_hal.h Inc/stm32f1xx_hal_conf.h Drivers/STM32F1xx_HAL_Driver/Inc/stm32f1xx_hal_rcc.h Drivers/STM32F1xx_HAL_Driver/Inc/stm32f1xx_hal_def.h Drivers/CMSIS/Device/ST/STM32F1xx/Include/stm32f1xx.h Drivers/CMSIS/Device/ST/STM32F1xx/Include/stm32f103xb.h Drivers/CMSIS/Include/core_cm3.h Drivers/CMSIS/Include/cmsis_version.h Drivers/CMSIS/Include/cmsis_compiler.h Drivers/CMSIS/Include/cmsis_gcc.h Drivers/CMSIS/Device/ST/STM32F1xx/Include/system_stm32f1xx.h Drivers/STM32F1xx_HAL_Driver/Inc/Legacy/stm32_hal_legacy.h Drivers/STM32F1xx_HAL_Driver/Inc/stm32f1xx_hal_rcc_ex.h Drivers/STM32F1xx_HAL_Driver/Inc/stm32f1xx_hal_gpio.h Drivers/STM32F1xx_HAL_Driver/Inc/stm32f1xx_hal_gpio_ex.h Drivers/STM32F1xx_HAL_Driver/Inc/stm32f1xx_hal_exti.h Drivers/STM32F1xx_HAL_Driver/Inc/stm32f1xx_hal_dma.h Drivers/STM32F1xx_HAL_Driver/Inc/stm32f1xx_hal_dma_ex.h Drivers/STM32F1xx_HAL_Driver/Inc/stm32f1xx_hal_cortex.h Drivers/STM32F1xx_HAL_Driver/Inc/stm32f1xx_hal_flash.h Drivers/STM32F1xx_HAL_Driver/Inc/stm32f1xx_hal_flash_ex.h Drivers/STM32F1xx_HAL_Driver/Inc/stm32f1xx_hal_i2c.h Drivers/STM32F1xx_HAL_Driver/Inc/stm32f1xx_hal_pwr.h Drivers/STM32F1xx_HAL_Driver/Inc/stm32f1xx_hal_tim.h Drivers/STM32F1xx_HAL_Driver/Inc/stm32f1xx_hal_tim_ex.h Drivers/STM32F1xx_HAL_Driver/Inc/stm32f1xx_hal_uart.h Drivers/STM32F1xx_HAL_Driver/Inc/stm32f1xx_hal_pcd.h Drivers/STM32F1xx_HAL_Driver/Inc/stm32f1xx_ll_usb.h Drivers/STM32F1xx_HAL_Driver/Inc/stm32f1xx_hal_pcd_ex.h | build
#  Implicit rule search has been done.
#  Implicit/static pattern stem: 'stm32f1xx_hal_cortex'
#  Last modified 2022-07-20 01:28:51
#  File has been updated.
#  Successfully updated.
#  recipe to execute (from 'Makefile', line 172):
	$(CC) -c $(CFLAGS) -Wa,-a,-ad,-alms=$(BUILD_DIR)/$(notdir $(<:.c=.lst)) $< -o $@

# Not a target:
Drivers/STM32F1xx_HAL_Driver/Src/stm32f1xx_hal_exti.c:
#  Implicit rule search has been done.
#  Last modified 2022-04-22 15:32:08
#  File has been updated.
#  Successfully updated.

# Not a target:
startup_stm32f103xb.s:
#  Implicit rule search has been done.
#  Last modified 2022-04-22 15:32:08
#  File has been updated.
#  Successfully updated.

Drivers/STM32F1xx_HAL_Driver/Inc/stm32f1xx_hal_gpio_ex.h:
#  Implicit rule search has been done.
#  Last modified 2022-04-22 15:32:08
#  File has been updated.
#  Successfully updated.

clean:
#  Implicit rule search has not been done.
#  Modification time never checked.
#  File has not been updated.
#  recipe to execute (from 'Makefile', line 194):
	-rm -fR $(BUILD_DIR)

# Not a target:
Src/i2c.c:
#  Implicit rule search has been done.
#  Last modified 2022-07-20 00:53:01
#  File has been updated.
#  Successfully updated.

build/stm32f1xx_hal_flash_ex.o: Drivers/STM32F1xx_HAL_Driver/Src/stm32f1xx_hal_flash_ex.c Makefile Drivers/STM32F1xx_HAL_Driver/Src/stm32f1xx_hal_flash_ex.c Drivers/STM32F1xx_HAL_Driver/Inc/stm32f1xx_hal.h Inc/stm32f1xx_hal_conf.h Drivers/STM32F1xx_HAL_Driver/Inc/stm32f1xx_hal_rcc.h Drivers/STM32F1xx_HAL_Driver/Inc/stm32f1xx_hal_def.h Drivers/CMSIS/Device/ST/STM32F1xx/Include/stm32f1xx.h Drivers/CMSIS/Device/ST/STM32F1xx/Include/stm32f103xb.h Drivers/CMSIS/Include/core_cm3.h Drivers/CMSIS/Include/cmsis_version.h Drivers/CMSIS/Include/cmsis_compiler.h Drivers/CMSIS/Include/cmsis_gcc.h Drivers/CMSIS/Device/ST/STM32F1xx/Include/system_stm32f1xx.h Drivers/STM32F1xx_HAL_Driver/Inc/Legacy/stm32_hal_legacy.h Drivers/STM32F1xx_HAL_Driver/Inc/stm32f1xx_hal_rcc_ex.h Drivers/STM32F1xx_HAL_Driver/Inc/stm32f1xx_hal_gpio.h Drivers/STM32F1xx_HAL_Driver/Inc/stm32f1xx_hal_gpio_ex.h Drivers/STM32F1xx_HAL_Driver/Inc/stm32f1xx_hal_exti.h Drivers/STM32F1xx_HAL_Driver/Inc/stm32f1xx_hal_dma.h Drivers/STM32F1xx_HAL_Driver/Inc/stm32f1xx_hal_dma_ex.h Drivers/STM32F1xx_HAL_Driver/Inc/stm32f1xx_hal_cortex.h Drivers/STM32F1xx_HAL_Driver/Inc/stm32f1xx_hal_flash.h Drivers/STM32F1xx_HAL_Driver/Inc/stm32f1xx_hal_flash_ex.h Drivers/STM32F1xx_HAL_Driver/Inc/stm32f1xx_hal_i2c.h Drivers/STM32F1xx_HAL_Driver/Inc/stm32f1xx_hal_pwr.h Drivers/STM32F1xx_HAL_Driver/Inc/stm32f1xx_hal_tim.h Drivers/STM32F1xx_HAL_Driver/Inc/stm32f1xx_hal_tim_ex.h Drivers/STM32F1xx_HAL_Driver/Inc/stm32f1xx_hal_uart.h Drivers/STM32F1xx_HAL_Driver/Inc/stm32f1xx_hal_pcd.h Drivers/STM32F1xx_HAL_Driver/Inc/stm32f1xx_ll_usb.h Drivers/STM32F1xx_HAL_Driver/Inc/stm32f1xx_hal_pcd_ex.h | build
#  Implicit rule search has been done.
#  Implicit/static pattern stem: 'stm32f1xx_hal_flash_ex'
#  Last modified 2022-07-20 01:28:52
#  File has been updated.
#  Successfully updated.
#  recipe to execute (from 'Makefile', line 172):
	$(CC) -c $(CFLAGS) -Wa,-a,-ad,-alms=$(BUILD_DIR)/$(notdir $(<:.c=.lst)) $< -o $@

# Not a target:
build/stm32f1xx_it.d:
#  Implicit rule search has been done.
#  Last modified 2022-07-20 01:28:34
#  File has been updated.
#  Successfully updated.

# files hash-table stats:
# Load=136/1024=13%, Rehash=0, Collisions=210/2374=9%
# VPATH Search Paths

vpath %.c Drivers/STM32F1xx_HAL_Driver/Src;Src

# 1 'vpath' search paths.

# No general ('VPATH' variable) search path.

# strcache buffers: 1 (0) / strings = 302 / storage = 6932 B / avg = 22 B
# current buf: size = 8162 B / used = 6932 B / count = 302 / avg = 22 B

# strcache performance: lookups = 3134 / hit rate = 90%
# hash-table stats:
# Load=302/8192=4%, Rehash=0, Collisions=186/3134=6%
# Finished Make data base on Wed Jul 20 12:44:52 2022

 
